This is pdfTeX, Version 3.14159265-2.6-1.40.16 (MiKTeX 2.9 64-bit) (preloaded format=pdflatex 2016.2.6)  5 JUL 2017 21:21
entering extended mode
**./report.tex
(report.tex
LaTeX2e <2015/10/01> patch level 2
Babel <3.9n> and hyphenation patterns for 69 languages loaded.
("C:\Users\Abhishek\AppData\Local\Programs\MiKTeX 2.9\tex\latex\base\report.cls
"
Document Class: report 2014/09/29 v1.4h Standard LaTeX document class
("C:\Users\Abhishek\AppData\Local\Programs\MiKTeX 2.9\tex\latex\base\size12.clo
"
File: size12.clo 2014/09/29 v1.4h Standard LaTeX file (size option)
)
\c@part=\count79
\c@chapter=\count80
\c@section=\count81
\c@subsection=\count82
\c@subsubsection=\count83
\c@paragraph=\count84
\c@subparagraph=\count85
\c@figure=\count86
\c@table=\count87
\abovecaptionskip=\skip41
\belowcaptionskip=\skip42
\bibindent=\dimen102
)
("C:\Users\Abhishek\AppData\Local\Programs\MiKTeX 2.9\tex\latex\setspace\setspa
ce.sty"
Package: setspace 2011/12/19 v6.7a set line spacing
)
("C:\Users\Abhishek\AppData\Local\Programs\MiKTeX 2.9\tex\latex\amsmath\amsmath
.sty"
Package: amsmath 2013/01/14 v2.14 AMS math features
\@mathmargin=\skip43

For additional information on amsmath, use the `?' option.

("C:\Users\Abhishek\AppData\Local\Programs\MiKTeX 2.9\tex\latex\amsmath\amstext
.sty"
Package: amstext 2000/06/29 v2.01

("C:\Users\Abhishek\AppData\Local\Programs\MiKTeX 2.9\tex\latex\amsmath\amsgen.
sty"
File: amsgen.sty 1999/11/30 v2.0
\@emptytoks=\toks14
\ex@=\dimen103
))
("C:\Users\Abhishek\AppData\Local\Programs\MiKTeX 2.9\tex\latex\amsmath\amsbsy.
sty"
Package: amsbsy 1999/11/29 v1.2d
\pmbraise@=\dimen104
)
("C:\Users\Abhishek\AppData\Local\Programs\MiKTeX 2.9\tex\latex\amsmath\amsopn.
sty"
Package: amsopn 1999/12/14 v2.01 operator names
)
\inf@bad=\count88
LaTeX Info: Redefining \frac on input line 210.
\uproot@=\count89
\leftroot@=\count90
LaTeX Info: Redefining \overline on input line 306.
\classnum@=\count91
\DOTSCASE@=\count92
LaTeX Info: Redefining \ldots on input line 378.
LaTeX Info: Redefining \dots on input line 381.
LaTeX Info: Redefining \cdots on input line 466.
\Mathstrutbox@=\box26
\strutbox@=\box27
\big@size=\dimen105
LaTeX Font Info:    Redeclaring font encoding OML on input line 566.
LaTeX Font Info:    Redeclaring font encoding OMS on input line 567.
\macc@depth=\count93
\c@MaxMatrixCols=\count94
\dotsspace@=\muskip10
\c@parentequation=\count95
\dspbrk@lvl=\count96
\tag@help=\toks15
\row@=\count97
\column@=\count98
\maxfields@=\count99
\andhelp@=\toks16
\eqnshift@=\dimen106
\alignsep@=\dimen107
\tagshift@=\dimen108
\tagwidth@=\dimen109
\totwidth@=\dimen110
\lineht@=\dimen111
\@envbody=\toks17
\multlinegap=\skip44
\multlinetaggap=\skip45
\mathdisplay@stack=\toks18
LaTeX Info: Redefining \[ on input line 2665.
LaTeX Info: Redefining \] on input line 2666.
)
("C:\Users\Abhishek\AppData\Local\Programs\MiKTeX 2.9\tex\latex\graphics\graphi
cx.sty"
Package: graphicx 2014/10/28 v1.0g Enhanced LaTeX Graphics (DPC,SPQR)

("C:\Users\Abhishek\AppData\Local\Programs\MiKTeX 2.9\tex\latex\graphics\keyval
.sty"
Package: keyval 2014/10/28 v1.15 key=value parser (DPC)
\KV@toks@=\toks19
)
("C:\Users\Abhishek\AppData\Local\Programs\MiKTeX 2.9\tex\latex\graphics\graphi
cs.sty"
Package: graphics 2014/10/28 v1.0p Standard LaTeX Graphics (DPC,SPQR)

("C:\Users\Abhishek\AppData\Local\Programs\MiKTeX 2.9\tex\latex\graphics\trig.s
ty"
Package: trig 1999/03/16 v1.09 sin cos tan (DPC)
)
("C:\Users\Abhishek\AppData\Local\Programs\MiKTeX 2.9\tex\latex\00miktex\graphi
cs.cfg"
File: graphics.cfg 2007/01/18 v1.5 graphics configuration of teTeX/TeXLive
)
Package graphics Info: Driver file: pdftex.def on input line 94.

("C:\Users\Abhishek\AppData\Local\Programs\MiKTeX 2.9\tex\latex\pdftex-def\pdft
ex.def"
File: pdftex.def 2011/05/27 v0.06d Graphics/color for pdfTeX

("C:\Users\Abhishek\AppData\Local\Programs\MiKTeX 2.9\tex\generic\oberdiek\infw
arerr.sty"
Package: infwarerr 2010/04/08 v1.3 Providing info/warning/error messages (HO)
)
("C:\Users\Abhishek\AppData\Local\Programs\MiKTeX 2.9\tex\generic\oberdiek\ltxc
mds.sty"
Package: ltxcmds 2011/11/09 v1.22 LaTeX kernel commands for general use (HO)
)
\Gread@gobject=\count100
))
\Gin@req@height=\dimen112
\Gin@req@width=\dimen113
) (suthesis-2e.sty
Package: suthesis-2e 2010/05/31

Note that this tries to fulfill the Stanford Thesis requirements but it is unof
ficial
\signaturespace=\skip46
)
("C:\Users\Abhishek\AppData\Local\Programs\MiKTeX 2.9\tex\latex\hyperref\hyperr
ef.sty"
Package: hyperref 2012/11/06 v6.83m Hypertext links for LaTeX

("C:\Users\Abhishek\AppData\Local\Programs\MiKTeX 2.9\tex\generic\oberdiek\hobs
ub-hyperref.sty"
Package: hobsub-hyperref 2012/04/25 v1.12 Bundle oberdiek, subset hyperref (HO)


("C:\Users\Abhishek\AppData\Local\Programs\MiKTeX 2.9\tex\generic\oberdiek\hobs
ub-generic.sty"
Package: hobsub-generic 2012/04/25 v1.12 Bundle oberdiek, subset generic (HO)
Package: hobsub 2012/04/25 v1.12 Construct package bundles (HO)
Package hobsub Info: Skipping package `infwarerr' (already loaded).
Package hobsub Info: Skipping package `ltxcmds' (already loaded).
Package: ifluatex 2010/03/01 v1.3 Provides the ifluatex switch (HO)
Package ifluatex Info: LuaTeX not detected.
Package: ifvtex 2010/03/01 v1.5 Detect VTeX and its facilities (HO)
Package ifvtex Info: VTeX not detected.
Package: intcalc 2007/09/27 v1.1 Expandable calculations with integers (HO)
Package: ifpdf 2011/01/30 v2.3 Provides the ifpdf switch (HO)
Package ifpdf Info: pdfTeX in PDF mode is detected.
Package: etexcmds 2011/02/16 v1.5 Avoid name clashes with e-TeX commands (HO)
Package etexcmds Info: Could not find \expanded.
(etexcmds)             That can mean that you are not using pdfTeX 1.50 or
(etexcmds)             that some package has redefined \expanded.
(etexcmds)             In the latter case, load this package earlier.
Package: kvsetkeys 2012/04/25 v1.16 Key value parser (HO)
Package: kvdefinekeys 2011/04/07 v1.3 Define keys (HO)
Package: pdftexcmds 2011/11/29 v0.20 Utility functions of pdfTeX for LuaTeX (HO
)
Package pdftexcmds Info: LuaTeX not detected.
Package pdftexcmds Info: \pdf@primitive is available.
Package pdftexcmds Info: \pdf@ifprimitive is available.
Package pdftexcmds Info: \pdfdraftmode found.
Package: pdfescape 2011/11/25 v1.13 Implements pdfTeX's escape features (HO)
Package: bigintcalc 2012/04/08 v1.3 Expandable calculations on big integers (HO
)
Package: bitset 2011/01/30 v1.1 Handle bit-vector datatype (HO)
Package: uniquecounter 2011/01/30 v1.2 Provide unlimited unique counter (HO)
)
Package hobsub Info: Skipping package `hobsub' (already loaded).
Package: letltxmacro 2010/09/02 v1.4 Let assignment for LaTeX macros (HO)
Package: hopatch 2011/06/24 v1.1 Wrapper for package hooks (HO)
Package: xcolor-patch 2011/01/30 xcolor patch
Package: atveryend 2011/06/30 v1.8 Hooks at the very end of document (HO)
Package atveryend Info: \enddocument detected (standard20110627).
Package: atbegshi 2011/10/05 v1.16 At begin shipout hook (HO)
Package: refcount 2011/10/16 v3.4 Data extraction from label references (HO)
Package: hycolor 2011/01/30 v1.7 Color options for hyperref/bookmark (HO)
)
("C:\Users\Abhishek\AppData\Local\Programs\MiKTeX 2.9\tex\generic\ifxetex\ifxet
ex.sty"
Package: ifxetex 2010/09/12 v0.6 Provides ifxetex conditional
)
("C:\Users\Abhishek\AppData\Local\Programs\MiKTeX 2.9\tex\latex\oberdiek\auxhoo
k.sty"
Package: auxhook 2011/03/04 v1.3 Hooks for auxiliary files (HO)
)
("C:\Users\Abhishek\AppData\Local\Programs\MiKTeX 2.9\tex\latex\oberdiek\kvopti
ons.sty"
Package: kvoptions 2011/06/30 v3.11 Key value format for package options (HO)
)
\@linkdim=\dimen114
\Hy@linkcounter=\count101
\Hy@pagecounter=\count102

("C:\Users\Abhishek\AppData\Local\Programs\MiKTeX 2.9\tex\latex\hyperref\pd1enc
.def"
File: pd1enc.def 2012/11/06 v6.83m Hyperref: PDFDocEncoding definition (HO)
)
\Hy@SavedSpaceFactor=\count103

("C:\Users\Abhishek\AppData\Local\Programs\MiKTeX 2.9\tex\latex\00miktex\hyperr
ef.cfg"
File: hyperref.cfg 2002/06/06 v1.2 hyperref configuration of TeXLive
)
Package hyperref Info: Hyper figures OFF on input line 4443.
Package hyperref Info: Link nesting OFF on input line 4448.
Package hyperref Info: Hyper index ON on input line 4451.
Package hyperref Info: Plain pages OFF on input line 4458.
Package hyperref Info: Backreferencing OFF on input line 4463.
Package hyperref Info: Implicit mode ON; LaTeX internals redefined.
Package hyperref Info: Bookmarks ON on input line 4688.
\c@Hy@tempcnt=\count104

("C:\Users\Abhishek\AppData\Local\Programs\MiKTeX 2.9\tex\latex\url\url.sty"
\Urlmuskip=\muskip11
Package: url 2013/09/16  ver 3.4  Verb mode for urls, etc.
)
LaTeX Info: Redefining \url on input line 5041.
\XeTeXLinkMargin=\dimen115
\Fld@menulength=\count105
\Field@Width=\dimen116
\Fld@charsize=\dimen117
Package hyperref Info: Hyper figures OFF on input line 6295.
Package hyperref Info: Link nesting OFF on input line 6300.
Package hyperref Info: Hyper index ON on input line 6303.
Package hyperref Info: backreferencing OFF on input line 6310.
Package hyperref Info: Link coloring OFF on input line 6315.
Package hyperref Info: Link coloring with OCG OFF on input line 6320.
Package hyperref Info: PDF/A mode OFF on input line 6325.
LaTeX Info: Redefining \ref on input line 6365.
LaTeX Info: Redefining \pageref on input line 6369.
\Hy@abspage=\count106
\c@Item=\count107
\c@Hfootnote=\count108
)

Package hyperref Message: Driver (autodetected): hpdftex.


("C:\Users\Abhishek\AppData\Local\Programs\MiKTeX 2.9\tex\latex\hyperref\hpdfte
x.def"
File: hpdftex.def 2012/11/06 v6.83m Hyperref driver for pdfTeX
\Fld@listcount=\count109
\c@bookmark@seq@number=\count110

("C:\Users\Abhishek\AppData\Local\Programs\MiKTeX 2.9\tex\latex\oberdiek\rerunf
ilecheck.sty"
Package: rerunfilecheck 2011/04/15 v1.7 Rerun checks for auxiliary files (HO)
Package uniquecounter Info: New unique counter `rerunfilecheck' on input line 2
82.
)
\Hy@SectionHShift=\skip47
)
("C:\Users\Abhishek\AppData\Local\Programs\MiKTeX 2.9\tex\latex\multirow\multir
ow.sty"
\bigstrutjot=\dimen118
)
("C:\Users\Abhishek\AppData\Local\Programs\MiKTeX 2.9\tex\latex\todonotes\todon
otes.sty"
Package: todonotes 2015/07/09 .dtx Todonotes source and documentation.
Package: todonotes 2012/07/25

("C:\Users\Abhishek\AppData\Local\Programs\MiKTeX 2.9\tex\latex\base\ifthen.sty
"
Package: ifthen 2014/09/29 v1.1c Standard LaTeX ifthen package (DPC)
)
("C:\Users\Abhishek\AppData\Local\Programs\MiKTeX 2.9\tex\latex\xkeyval\xkeyval
.sty"
Package: xkeyval 2014/12/03 v2.7a package option processing (HA)

("C:\Users\Abhishek\AppData\Local\Programs\MiKTeX 2.9\tex\generic\xkeyval\xkeyv
al.tex"
("C:\Users\Abhishek\AppData\Local\Programs\MiKTeX 2.9\tex\generic\xkeyval\xkvut
ils.tex"
\XKV@toks=\toks20
\XKV@tempa@toks=\toks21
)
\XKV@depth=\count111
File: xkeyval.tex 2014/12/03 v2.7a key=value parser (HA)
))
("C:\Users\Abhishek\AppData\Local\Programs\MiKTeX 2.9\tex\latex\xcolor\xcolor.s
ty"
Package: xcolor 2007/01/21 v2.11 LaTeX color extensions (UK)

("C:\Users\Abhishek\AppData\Local\Programs\MiKTeX 2.9\tex\latex\00miktex\color.
cfg"
File: color.cfg 2007/01/18 v1.5 color configuration of teTeX/TeXLive
)
Package xcolor Info: Driver file: pdftex.def on input line 225.
Package xcolor Info: Model `cmy' substituted by `cmy0' on input line 1337.
Package xcolor Info: Model `hsb' substituted by `rgb' on input line 1341.
Package xcolor Info: Model `RGB' extended on input line 1353.
Package xcolor Info: Model `HTML' substituted by `rgb' on input line 1355.
Package xcolor Info: Model `Hsb' substituted by `hsb' on input line 1356.
Package xcolor Info: Model `tHsb' substituted by `hsb' on input line 1357.
Package xcolor Info: Model `HSB' substituted by `hsb' on input line 1358.
Package xcolor Info: Model `Gray' substituted by `gray' on input line 1359.
Package xcolor Info: Model `wave' substituted by `hsb' on input line 1360.
)
("C:\Users\Abhishek\AppData\Local\Programs\MiKTeX 2.9\tex\latex\pgf\frontendlay
er\tikz.sty"
("C:\Users\Abhishek\AppData\Local\Programs\MiKTeX 2.9\tex\latex\pgf\basiclayer\
pgf.sty"
("C:\Users\Abhishek\AppData\Local\Programs\MiKTeX 2.9\tex\latex\pgf\utilities\p
gfrcs.sty"
("C:\Users\Abhishek\AppData\Local\Programs\MiKTeX 2.9\tex\generic\pgf\utilities
\pgfutil-common.tex"
\pgfutil@everybye=\toks22
\pgfutil@tempdima=\dimen119
\pgfutil@tempdimb=\dimen120

("C:\Users\Abhishek\AppData\Local\Programs\MiKTeX 2.9\tex\generic\pgf\utilities
\pgfutil-common-lists.tex"))
("C:\Users\Abhishek\AppData\Local\Programs\MiKTeX 2.9\tex\generic\pgf\utilities
\pgfutil-latex.def"
\pgfutil@abb=\box28

("C:\Users\Abhishek\AppData\Local\Programs\MiKTeX 2.9\tex\latex\ms\everyshi.sty
"
Package: everyshi 2001/05/15 v3.00 EveryShipout Package (MS)
))
("C:\Users\Abhishek\AppData\Local\Programs\MiKTeX 2.9\tex\generic\pgf\utilities
\pgfrcs.code.tex"
Package: pgfrcs 2015/08/07 v3.0.1a (rcs-revision 1.31)
))
Package: pgf 2015/08/07 v3.0.1a (rcs-revision 1.15)

("C:\Users\Abhishek\AppData\Local\Programs\MiKTeX 2.9\tex\latex\pgf\basiclayer\
pgfcore.sty"
("C:\Users\Abhishek\AppData\Local\Programs\MiKTeX 2.9\tex\latex\pgf\systemlayer
\pgfsys.sty"
("C:\Users\Abhishek\AppData\Local\Programs\MiKTeX 2.9\tex\generic\pgf\systemlay
er\pgfsys.code.tex"
Package: pgfsys 2014/07/09 v3.0.1a (rcs-revision 1.48)

("C:\Users\Abhishek\AppData\Local\Programs\MiKTeX 2.9\tex\generic\pgf\utilities
\pgfkeys.code.tex"
\pgfkeys@pathtoks=\toks23
\pgfkeys@temptoks=\toks24

("C:\Users\Abhishek\AppData\Local\Programs\MiKTeX 2.9\tex\generic\pgf\utilities
\pgfkeysfiltered.code.tex"
\pgfkeys@tmptoks=\toks25
))
\pgf@x=\dimen121
\pgf@y=\dimen122
\pgf@xa=\dimen123
\pgf@ya=\dimen124
\pgf@xb=\dimen125
\pgf@yb=\dimen126
\pgf@xc=\dimen127
\pgf@yc=\dimen128
\w@pgf@writea=\write3
\r@pgf@reada=\read1
\c@pgf@counta=\count112
\c@pgf@countb=\count113
\c@pgf@countc=\count114
\c@pgf@countd=\count115
\t@pgf@toka=\toks26
\t@pgf@tokb=\toks27
\t@pgf@tokc=\toks28

("C:\Users\Abhishek\AppData\Local\Programs\MiKTeX 2.9\tex\generic\pgf\systemlay
er\pgf.cfg"
File: pgf.cfg 2008/05/14  (rcs-revision 1.7)
)
Driver file for pgf: pgfsys-pdftex.def

("C:\Users\Abhishek\AppData\Local\Programs\MiKTeX 2.9\tex\generic\pgf\systemlay
er\pgfsys-pdftex.def"
File: pgfsys-pdftex.def 2014/10/11  (rcs-revision 1.35)

("C:\Users\Abhishek\AppData\Local\Programs\MiKTeX 2.9\tex\generic\pgf\systemlay
er\pgfsys-common-pdf.def"
File: pgfsys-common-pdf.def 2013/10/10  (rcs-revision 1.13)
)))
("C:\Users\Abhishek\AppData\Local\Programs\MiKTeX 2.9\tex\generic\pgf\systemlay
er\pgfsyssoftpath.code.tex"
File: pgfsyssoftpath.code.tex 2013/09/09  (rcs-revision 1.9)
\pgfsyssoftpath@smallbuffer@items=\count116
\pgfsyssoftpath@bigbuffer@items=\count117
)
("C:\Users\Abhishek\AppData\Local\Programs\MiKTeX 2.9\tex\generic\pgf\systemlay
er\pgfsysprotocol.code.tex"
File: pgfsysprotocol.code.tex 2006/10/16  (rcs-revision 1.4)
))
("C:\Users\Abhishek\AppData\Local\Programs\MiKTeX 2.9\tex\generic\pgf\basiclaye
r\pgfcore.code.tex"
Package: pgfcore 2010/04/11 v3.0.1a (rcs-revision 1.7)

("C:\Users\Abhishek\AppData\Local\Programs\MiKTeX 2.9\tex\generic\pgf\math\pgfm
ath.code.tex"
("C:\Users\Abhishek\AppData\Local\Programs\MiKTeX 2.9\tex\generic\pgf\math\pgfm
athcalc.code.tex"
("C:\Users\Abhishek\AppData\Local\Programs\MiKTeX 2.9\tex\generic\pgf\math\pgfm
athutil.code.tex")
("C:\Users\Abhishek\AppData\Local\Programs\MiKTeX 2.9\tex\generic\pgf\math\pgfm
athparser.code.tex"
\pgfmath@dimen=\dimen129
\pgfmath@count=\count118
\pgfmath@box=\box29
\pgfmath@toks=\toks29
\pgfmath@stack@operand=\toks30
\pgfmath@stack@operation=\toks31
)
("C:\Users\Abhishek\AppData\Local\Programs\MiKTeX 2.9\tex\generic\pgf\math\pgfm
athfunctions.code.tex"
("C:\Users\Abhishek\AppData\Local\Programs\MiKTeX 2.9\tex\generic\pgf\math\pgfm
athfunctions.basic.code.tex")
("C:\Users\Abhishek\AppData\Local\Programs\MiKTeX 2.9\tex\generic\pgf\math\pgfm
athfunctions.trigonometric.code.tex")
("C:\Users\Abhishek\AppData\Local\Programs\MiKTeX 2.9\tex\generic\pgf\math\pgfm
athfunctions.random.code.tex")
("C:\Users\Abhishek\AppData\Local\Programs\MiKTeX 2.9\tex\generic\pgf\math\pgfm
athfunctions.comparison.code.tex")
("C:\Users\Abhishek\AppData\Local\Programs\MiKTeX 2.9\tex\generic\pgf\math\pgfm
athfunctions.base.code.tex")
("C:\Users\Abhishek\AppData\Local\Programs\MiKTeX 2.9\tex\generic\pgf\math\pgfm
athfunctions.round.code.tex")
("C:\Users\Abhishek\AppData\Local\Programs\MiKTeX 2.9\tex\generic\pgf\math\pgfm
athfunctions.misc.code.tex")
("C:\Users\Abhishek\AppData\Local\Programs\MiKTeX 2.9\tex\generic\pgf\math\pgfm
athfunctions.integerarithmetics.code.tex")))
("C:\Users\Abhishek\AppData\Local\Programs\MiKTeX 2.9\tex\generic\pgf\math\pgfm
athfloat.code.tex"
\c@pgfmathroundto@lastzeros=\count119
))
("C:\Users\Abhishek\AppData\Local\Programs\MiKTeX 2.9\tex\generic\pgf\basiclaye
r\pgfcorepoints.code.tex"
File: pgfcorepoints.code.tex 2013/10/07  (rcs-revision 1.27)
\pgf@picminx=\dimen130
\pgf@picmaxx=\dimen131
\pgf@picminy=\dimen132
\pgf@picmaxy=\dimen133
\pgf@pathminx=\dimen134
\pgf@pathmaxx=\dimen135
\pgf@pathminy=\dimen136
\pgf@pathmaxy=\dimen137
\pgf@xx=\dimen138
\pgf@xy=\dimen139
\pgf@yx=\dimen140
\pgf@yy=\dimen141
\pgf@zx=\dimen142
\pgf@zy=\dimen143
)
("C:\Users\Abhishek\AppData\Local\Programs\MiKTeX 2.9\tex\generic\pgf\basiclaye
r\pgfcorepathconstruct.code.tex"
File: pgfcorepathconstruct.code.tex 2013/10/07  (rcs-revision 1.29)
\pgf@path@lastx=\dimen144
\pgf@path@lasty=\dimen145
)
("C:\Users\Abhishek\AppData\Local\Programs\MiKTeX 2.9\tex\generic\pgf\basiclaye
r\pgfcorepathusage.code.tex"
File: pgfcorepathusage.code.tex 2014/11/02  (rcs-revision 1.24)
\pgf@shorten@end@additional=\dimen146
\pgf@shorten@start@additional=\dimen147
)
("C:\Users\Abhishek\AppData\Local\Programs\MiKTeX 2.9\tex\generic\pgf\basiclaye
r\pgfcorescopes.code.tex"
File: pgfcorescopes.code.tex 2015/05/08  (rcs-revision 1.46)
\pgfpic=\box30
\pgf@hbox=\box31
\pgf@layerbox@main=\box32
\pgf@picture@serial@count=\count120
)
("C:\Users\Abhishek\AppData\Local\Programs\MiKTeX 2.9\tex\generic\pgf\basiclaye
r\pgfcoregraphicstate.code.tex"
File: pgfcoregraphicstate.code.tex 2014/11/02  (rcs-revision 1.12)
\pgflinewidth=\dimen148
)
("C:\Users\Abhishek\AppData\Local\Programs\MiKTeX 2.9\tex\generic\pgf\basiclaye
r\pgfcoretransformations.code.tex"
File: pgfcoretransformations.code.tex 2015/08/07  (rcs-revision 1.20)
\pgf@pt@x=\dimen149
\pgf@pt@y=\dimen150
\pgf@pt@temp=\dimen151
)
("C:\Users\Abhishek\AppData\Local\Programs\MiKTeX 2.9\tex\generic\pgf\basiclaye
r\pgfcorequick.code.tex"
File: pgfcorequick.code.tex 2008/10/09  (rcs-revision 1.3)
)
("C:\Users\Abhishek\AppData\Local\Programs\MiKTeX 2.9\tex\generic\pgf\basiclaye
r\pgfcoreobjects.code.tex"
File: pgfcoreobjects.code.tex 2006/10/11  (rcs-revision 1.2)
)
("C:\Users\Abhishek\AppData\Local\Programs\MiKTeX 2.9\tex\generic\pgf\basiclaye
r\pgfcorepathprocessing.code.tex"
File: pgfcorepathprocessing.code.tex 2013/09/09  (rcs-revision 1.9)
)
("C:\Users\Abhishek\AppData\Local\Programs\MiKTeX 2.9\tex\generic\pgf\basiclaye
r\pgfcorearrows.code.tex"
File: pgfcorearrows.code.tex 2015/05/14  (rcs-revision 1.43)
\pgfarrowsep=\dimen152
)
("C:\Users\Abhishek\AppData\Local\Programs\MiKTeX 2.9\tex\generic\pgf\basiclaye
r\pgfcoreshade.code.tex"
File: pgfcoreshade.code.tex 2013/07/15  (rcs-revision 1.15)
\pgf@max=\dimen153
\pgf@sys@shading@range@num=\count121
)
("C:\Users\Abhishek\AppData\Local\Programs\MiKTeX 2.9\tex\generic\pgf\basiclaye
r\pgfcoreimage.code.tex"
File: pgfcoreimage.code.tex 2013/07/15  (rcs-revision 1.18)

("C:\Users\Abhishek\AppData\Local\Programs\MiKTeX 2.9\tex\generic\pgf\basiclaye
r\pgfcoreexternal.code.tex"
File: pgfcoreexternal.code.tex 2014/07/09  (rcs-revision 1.21)
\pgfexternal@startupbox=\box33
))
("C:\Users\Abhishek\AppData\Local\Programs\MiKTeX 2.9\tex\generic\pgf\basiclaye
r\pgfcorelayers.code.tex"
File: pgfcorelayers.code.tex 2013/07/18  (rcs-revision 1.7)
)
("C:\Users\Abhishek\AppData\Local\Programs\MiKTeX 2.9\tex\generic\pgf\basiclaye
r\pgfcoretransparency.code.tex"
File: pgfcoretransparency.code.tex 2013/09/30  (rcs-revision 1.5)
)
("C:\Users\Abhishek\AppData\Local\Programs\MiKTeX 2.9\tex\generic\pgf\basiclaye
r\pgfcorepatterns.code.tex"
File: pgfcorepatterns.code.tex 2013/11/07  (rcs-revision 1.5)
)))
("C:\Users\Abhishek\AppData\Local\Programs\MiKTeX 2.9\tex\generic\pgf\modules\p
gfmoduleshapes.code.tex"
File: pgfmoduleshapes.code.tex 2014/03/21  (rcs-revision 1.35)
\pgfnodeparttextbox=\box34
)
("C:\Users\Abhishek\AppData\Local\Programs\MiKTeX 2.9\tex\generic\pgf\modules\p
gfmoduleplot.code.tex"
File: pgfmoduleplot.code.tex 2015/08/03  (rcs-revision 1.13)
)
("C:\Users\Abhishek\AppData\Local\Programs\MiKTeX 2.9\tex\latex\pgf\compatibili
ty\pgfcomp-version-0-65.sty"
Package: pgfcomp-version-0-65 2007/07/03 v3.0.1a (rcs-revision 1.7)
\pgf@nodesepstart=\dimen154
\pgf@nodesepend=\dimen155
)
("C:\Users\Abhishek\AppData\Local\Programs\MiKTeX 2.9\tex\latex\pgf\compatibili
ty\pgfcomp-version-1-18.sty"
Package: pgfcomp-version-1-18 2007/07/23 v3.0.1a (rcs-revision 1.1)
))
("C:\Users\Abhishek\AppData\Local\Programs\MiKTeX 2.9\tex\latex\pgf\utilities\p
gffor.sty"
("C:\Users\Abhishek\AppData\Local\Programs\MiKTeX 2.9\tex\latex\pgf\utilities\p
gfkeys.sty"
("C:\Users\Abhishek\AppData\Local\Programs\MiKTeX 2.9\tex\generic\pgf\utilities
\pgfkeys.code.tex"))
("C:\Users\Abhishek\AppData\Local\Programs\MiKTeX 2.9\tex\latex\pgf\math\pgfmat
h.sty"
("C:\Users\Abhishek\AppData\Local\Programs\MiKTeX 2.9\tex\generic\pgf\math\pgfm
ath.code.tex"))
("C:\Users\Abhishek\AppData\Local\Programs\MiKTeX 2.9\tex\generic\pgf\utilities
\pgffor.code.tex"
Package: pgffor 2013/12/13 v3.0.1a (rcs-revision 1.25)

("C:\Users\Abhishek\AppData\Local\Programs\MiKTeX 2.9\tex\generic\pgf\math\pgfm
ath.code.tex")
\pgffor@iter=\dimen156
\pgffor@skip=\dimen157
\pgffor@stack=\toks32
\pgffor@toks=\toks33
))
("C:\Users\Abhishek\AppData\Local\Programs\MiKTeX 2.9\tex\generic\pgf\frontendl
ayer\tikz\tikz.code.tex"
Package: tikz 2015/08/07 v3.0.1a (rcs-revision 1.151)

("C:\Users\Abhishek\AppData\Local\Programs\MiKTeX 2.9\tex\generic\pgf\libraries
\pgflibraryplothandlers.code.tex"
File: pgflibraryplothandlers.code.tex 2013/08/31 v3.0.1a (rcs-revision 1.20)
\pgf@plot@mark@count=\count122
\pgfplotmarksize=\dimen158
)
\tikz@lastx=\dimen159
\tikz@lasty=\dimen160
\tikz@lastxsaved=\dimen161
\tikz@lastysaved=\dimen162
\tikzleveldistance=\dimen163
\tikzsiblingdistance=\dimen164
\tikz@figbox=\box35
\tikz@figbox@bg=\box36
\tikz@tempbox=\box37
\tikz@tempbox@bg=\box38
\tikztreelevel=\count123
\tikznumberofchildren=\count124
\tikznumberofcurrentchild=\count125
\tikz@fig@count=\count126

("C:\Users\Abhishek\AppData\Local\Programs\MiKTeX 2.9\tex\generic\pgf\modules\p
gfmodulematrix.code.tex"
File: pgfmodulematrix.code.tex 2013/09/17  (rcs-revision 1.8)
\pgfmatrixcurrentrow=\count127
\pgfmatrixcurrentcolumn=\count128
\pgf@matrix@numberofcolumns=\count129
)
\tikz@expandcount=\count130

("C:\Users\Abhishek\AppData\Local\Programs\MiKTeX 2.9\tex\generic\pgf\frontendl
ayer\tikz\libraries\tikzlibrarytopaths.code.tex"
File: tikzlibrarytopaths.code.tex 2008/06/17 v3.0.1a (rcs-revision 1.2)
)))
("C:\Users\Abhishek\AppData\Local\Programs\MiKTeX 2.9\tex\generic\pgf\frontendl
ayer\tikz\libraries\tikzlibrarypositioning.code.tex"
File: tikzlibrarypositioning.code.tex 2008/10/06 v3.0.1a (rcs-revision 1.7)
)
("C:\Users\Abhishek\AppData\Local\Programs\MiKTeX 2.9\tex\latex\tools\calc.sty"
Package: calc 2014/10/28 v4.3 Infix arithmetic (KKT,FJ)
\calc@Acount=\count131
\calc@Bcount=\count132
\calc@Adimen=\dimen165
\calc@Bdimen=\dimen166
\calc@Askip=\skip48
\calc@Bskip=\skip49
LaTeX Info: Redefining \setlength on input line 80.
LaTeX Info: Redefining \addtolength on input line 81.
\calc@Ccount=\count133
\calc@Cskip=\skip50
)
\c@@todonotes@numberoftodonotes=\count134
)
("C:\Users\Abhishek\AppData\Local\Programs\MiKTeX 2.9\tex\generic\pgf\frontendl
ayer\tikz\libraries\tikzlibrarytrees.code.tex"
File: tikzlibrarytrees.code.tex 2008/02/24 v3.0.1a (rcs-revision 1.2)
)
("C:\Users\Abhishek\AppData\Local\Programs\MiKTeX 2.9\tex\generic\pgf\frontendl
ayer\tikz\libraries\tikzlibraryarrows.code.tex"
File: tikzlibraryarrows.code.tex 2008/01/09 v3.0.1a (rcs-revision 1.1)

("C:\Users\Abhishek\AppData\Local\Programs\MiKTeX 2.9\tex\generic\pgf\libraries
\pgflibraryarrows.code.tex"
File: pgflibraryarrows.code.tex 2013/09/23 v3.0.1a (rcs-revision 1.16)
\arrowsize=\dimen167
))
("C:\Users\Abhishek\AppData\Local\Programs\MiKTeX 2.9\tex\generic\pgf\frontendl
ayer\tikz\libraries\tikzlibraryshapes.code.tex"
File: tikzlibraryshapes.code.tex 2008/01/09 v3.0.1a (rcs-revision 1.1)

("C:\Users\Abhishek\AppData\Local\Programs\MiKTeX 2.9\tex\generic\pgf\frontendl
ayer\tikz\libraries\tikzlibraryshapes.geometric.code.tex"
File: tikzlibraryshapes.geometric.code.tex 2008/01/09 v3.0.1a (rcs-revision 1.1
)

("C:\Users\Abhishek\AppData\Local\Programs\MiKTeX 2.9\tex\generic\pgf\libraries
\shapes\pgflibraryshapes.geometric.code.tex"
File: pgflibraryshapes.geometric.code.tex 2008/06/26 v3.0.1a (rcs-revision 1.1)

))
("C:\Users\Abhishek\AppData\Local\Programs\MiKTeX 2.9\tex\generic\pgf\frontendl
ayer\tikz\libraries\tikzlibraryshapes.misc.code.tex"
File: tikzlibraryshapes.misc.code.tex 2008/01/09 v3.0.1a (rcs-revision 1.1)

("C:\Users\Abhishek\AppData\Local\Programs\MiKTeX 2.9\tex\generic\pgf\libraries
\shapes\pgflibraryshapes.misc.code.tex"
File: pgflibraryshapes.misc.code.tex 2013/07/18 v3.0.1a (rcs-revision 1.5)
))
("C:\Users\Abhishek\AppData\Local\Programs\MiKTeX 2.9\tex\generic\pgf\frontendl
ayer\tikz\libraries\tikzlibraryshapes.symbols.code.tex"
File: tikzlibraryshapes.symbols.code.tex 2008/01/09 v3.0.1a (rcs-revision 1.1)

("C:\Users\Abhishek\AppData\Local\Programs\MiKTeX 2.9\tex\generic\pgf\libraries
\shapes\pgflibraryshapes.symbols.code.tex"
File: pgflibraryshapes.symbols.code.tex 2013/09/11 v3.0.1a (rcs-revision 1.6)
))
("C:\Users\Abhishek\AppData\Local\Programs\MiKTeX 2.9\tex\generic\pgf\frontendl
ayer\tikz\libraries\tikzlibraryshapes.arrows.code.tex"
File: tikzlibraryshapes.arrows.code.tex 2008/01/09 v3.0.1a (rcs-revision 1.1)

("C:\Users\Abhishek\AppData\Local\Programs\MiKTeX 2.9\tex\generic\pgf\libraries
\shapes\pgflibraryshapes.arrows.code.tex"
File: pgflibraryshapes.arrows.code.tex 2008/06/26 v3.0.1a (rcs-revision 1.1)
))
("C:\Users\Abhishek\AppData\Local\Programs\MiKTeX 2.9\tex\generic\pgf\frontendl
ayer\tikz\libraries\tikzlibraryshapes.callouts.code.tex"
("C:\Users\Abhishek\AppData\Local\Programs\MiKTeX 2.9\tex\generic\pgf\libraries
\shapes\pgflibraryshapes.callouts.code.tex"))
("C:\Users\Abhishek\AppData\Local\Programs\MiKTeX 2.9\tex\generic\pgf\frontendl
ayer\tikz\libraries\tikzlibraryshapes.multipart.code.tex"
File: tikzlibraryshapes.multipart.code.tex 2008/01/09 v3.0.1a (rcs-revision 1.1
)

("C:\Users\Abhishek\AppData\Local\Programs\MiKTeX 2.9\tex\generic\pgf\libraries
\shapes\pgflibraryshapes.multipart.code.tex"
File: pgflibraryshapes.multipart.code.tex 2010/01/07 v3.0.1a (rcs-revision 1.2)

\pgfnodepartlowerbox=\box39
\pgfnodeparttwobox=\box40
\pgfnodepartthreebox=\box41
\pgfnodepartfourbox=\box42
\pgfnodeparttwentybox=\box43
\pgfnodepartnineteenbox=\box44
\pgfnodeparteighteenbox=\box45
\pgfnodepartseventeenbox=\box46
\pgfnodepartsixteenbox=\box47
\pgfnodepartfifteenbox=\box48
\pgfnodepartfourteenbox=\box49
\pgfnodepartthirteenbox=\box50
\pgfnodeparttwelvebox=\box51
\pgfnodepartelevenbox=\box52
\pgfnodeparttenbox=\box53
\pgfnodepartninebox=\box54
\pgfnodeparteightbox=\box55
\pgfnodepartsevenbox=\box56
\pgfnodepartsixbox=\box57
\pgfnodepartfivebox=\box58
)))
("C:\Users\Abhishek\AppData\Local\Programs\MiKTeX 2.9\tex\latex\pgfplots\pgfplo
ts.sty"
("C:\Users\Abhishek\AppData\Local\Programs\MiKTeX 2.9\tex\generic\pgfplots\pgfp
lots.revision.tex")
Package: pgfplots 2016/01/06 v1.13 Data Visualization (1.13)

("C:\Users\Abhishek\AppData\Local\Programs\MiKTeX 2.9\tex\generic\pgfplots\pgfp
lots.code.tex"
("C:\Users\Abhishek\AppData\Local\Programs\MiKTeX 2.9\tex\generic\pgfplots\pgfp
lotscore.code.tex"
\t@pgfplots@toka=\toks34
\t@pgfplots@tokb=\toks35
\t@pgfplots@tokc=\toks36
\pgfplots@tmpa=\dimen168
\c@pgfplots@coordindex=\count135
\c@pgfplots@scanlineindex=\count136

("C:\Users\Abhishek\AppData\Local\Programs\MiKTeX 2.9\tex\generic\pgfplots\sys\
pgfplotssysgeneric.code.tex"))
("C:\Users\Abhishek\AppData\Local\Programs\MiKTeX 2.9\tex\generic\pgfplots\libs
\pgfplotslibrary.code.tex")
("C:\Users\Abhishek\AppData\Local\Programs\MiKTeX 2.9\tex\generic\pgfplots\oldp
gfcompatib\pgfplotsoldpgfsupp_loader.code.tex"
("C:\Users\Abhishek\AppData\Local\Programs\MiKTeX 2.9\tex\generic\pgf\libraries
\pgflibraryfpu.code.tex")
Package pgfplots: loading complementary arithmetics for your pgf version...

("C:\Users\Abhishek\AppData\Local\Programs\MiKTeX 2.9\tex\generic\pgfplots\oldp
gfcompatib\pgfplotsoldpgfsupp_pgflibraryfpu.code.tex")
("C:\Users\Abhishek\AppData\Local\Programs\MiKTeX 2.9\tex\generic\pgfplots\oldp
gfcompatib\pgfplotsoldpgfsupp_pgfmathfloat.code.tex"
\c@pgfmathroundto@lastzeros=\count137
))
("C:\Users\Abhishek\AppData\Local\Programs\MiKTeX 2.9\tex\generic\pgfplots\util
\pgfplotsutil.code.tex"
("C:\Users\Abhishek\AppData\Local\Programs\MiKTeX 2.9\tex\generic\pgfplots\list
structure\pgfplotsliststructure.code.tex")
("C:\Users\Abhishek\AppData\Local\Programs\MiKTeX 2.9\tex\generic\pgfplots\list
structure\pgfplotsliststructureext.code.tex")
("C:\Users\Abhishek\AppData\Local\Programs\MiKTeX 2.9\tex\generic\pgfplots\list
structure\pgfplotsarray.code.tex"
\c@pgfplotsarray@tmp=\count138
)
("C:\Users\Abhishek\AppData\Local\Programs\MiKTeX 2.9\tex\generic\pgfplots\list
structure\pgfplotsmatrix.code.tex")
("C:\Users\Abhishek\AppData\Local\Programs\MiKTeX 2.9\tex\generic\pgfplots\numt
able\pgfplotstableshared.code.tex"
\c@pgfplotstable@counta=\count139
\t@pgfplotstable@a=\toks37
)
("C:\Users\Abhishek\AppData\Local\Programs\MiKTeX 2.9\tex\generic\pgfplots\list
structure\pgfplotsdeque.code.tex")
("C:\Users\Abhishek\AppData\Local\Programs\MiKTeX 2.9\tex\generic\pgfplots\util
\pgfplotsbinary.code.tex"
("C:\Users\Abhishek\AppData\Local\Programs\MiKTeX 2.9\tex\generic\pgfplots\util
\pgfplotsbinary.data.code.tex"))
("C:\Users\Abhishek\AppData\Local\Programs\MiKTeX 2.9\tex\generic\pgfplots\util
\pgfplotsutil.verb.code.tex")
("C:\Users\Abhishek\AppData\Local\Programs\MiKTeX 2.9\tex\generic\pgfplots\libs
\pgflibrarypgfplots.surfshading.code.tex"
\c@pgfplotslibrarysurf@no=\count140

("C:\Users\Abhishek\AppData\Local\Programs\MiKTeX 2.9\tex\generic\pgfplots\sys\
pgflibrarypgfplots.surfshading.pgfsys-pdftex.def")))
("C:\Users\Abhishek\AppData\Local\Programs\MiKTeX 2.9\tex\generic\pgfplots\util
\pgfplotscolormap.code.tex"
("C:\Users\Abhishek\AppData\Local\Programs\MiKTeX 2.9\tex\generic\pgfplots\util
\pgfplotscolor.code.tex"))
("C:\Users\Abhishek\AppData\Local\Programs\MiKTeX 2.9\tex\generic\pgfplots\pgfp
lotsstackedplots.code.tex")
("C:\Users\Abhishek\AppData\Local\Programs\MiKTeX 2.9\tex\generic\pgfplots\pgfp
lotsplothandlers.code.tex"
("C:\Users\Abhishek\AppData\Local\Programs\MiKTeX 2.9\tex\generic\pgfplots\pgfp
lotsmeshplothandler.code.tex"
("C:\Users\Abhishek\AppData\Local\Programs\MiKTeX 2.9\tex\generic\pgfplots\pgfp
lotsmeshplotimage.code.tex")))
("C:\Users\Abhishek\AppData\Local\Programs\MiKTeX 2.9\tex\generic\pgfplots\pgfp
lots.scaling.code.tex")
("C:\Users\Abhishek\AppData\Local\Programs\MiKTeX 2.9\tex\generic\pgfplots\pgfp
lotscoordprocessing.code.tex")
("C:\Users\Abhishek\AppData\Local\Programs\MiKTeX 2.9\tex\generic\pgfplots\pgfp
lots.errorbars.code.tex")
("C:\Users\Abhishek\AppData\Local\Programs\MiKTeX 2.9\tex\generic\pgfplots\pgfp
lots.markers.code.tex")
("C:\Users\Abhishek\AppData\Local\Programs\MiKTeX 2.9\tex\generic\pgfplots\pgfp
lotsticks.code.tex")
("C:\Users\Abhishek\AppData\Local\Programs\MiKTeX 2.9\tex\generic\pgfplots\pgfp
lots.paths.code.tex")
("C:\Users\Abhishek\AppData\Local\Programs\MiKTeX 2.9\tex\generic\pgf\frontendl
ayer\tikz\libraries\tikzlibrarydecorations.code.tex"
("C:\Users\Abhishek\AppData\Local\Programs\MiKTeX 2.9\tex\generic\pgf\modules\p
gfmoduledecorations.code.tex"
\pgfdecoratedcompleteddistance=\dimen169
\pgfdecoratedremainingdistance=\dimen170
\pgfdecoratedinputsegmentcompleteddistance=\dimen171
\pgfdecoratedinputsegmentremainingdistance=\dimen172
\pgf@decorate@distancetomove=\dimen173
\pgf@decorate@repeatstate=\count141
\pgfdecorationsegmentamplitude=\dimen174
\pgfdecorationsegmentlength=\dimen175
)
\tikz@lib@dec@box=\box59
)
("C:\Users\Abhishek\AppData\Local\Programs\MiKTeX 2.9\tex\generic\pgf\frontendl
ayer\tikz\libraries\tikzlibrarydecorations.pathmorphing.code.tex"
("C:\Users\Abhishek\AppData\Local\Programs\MiKTeX 2.9\tex\generic\pgf\libraries
\decorations\pgflibrarydecorations.pathmorphing.code.tex"))
("C:\Users\Abhishek\AppData\Local\Programs\MiKTeX 2.9\tex\generic\pgf\frontendl
ayer\tikz\libraries\tikzlibrarydecorations.pathreplacing.code.tex"
("C:\Users\Abhishek\AppData\Local\Programs\MiKTeX 2.9\tex\generic\pgf\libraries
\decorations\pgflibrarydecorations.pathreplacing.code.tex"))
\pgfplots@numplots=\count142
\pgfplots@xmin@reg=\dimen176
\pgfplots@xmax@reg=\dimen177
\pgfplots@ymin@reg=\dimen178
\pgfplots@ymax@reg=\dimen179
\pgfplots@zmin@reg=\dimen180
\pgfplots@zmax@reg=\dimen181
)
("C:\Users\Abhishek\AppData\Local\Programs\MiKTeX 2.9\tex\generic\pgf\frontendl
ayer\tikz\libraries\tikzlibraryplotmarks.code.tex"
File: tikzlibraryplotmarks.code.tex 2008/01/09 v3.0.1a (rcs-revision 1.1)

("C:\Users\Abhishek\AppData\Local\Programs\MiKTeX 2.9\tex\generic\pgf\libraries
\pgflibraryplotmarks.code.tex"
File: pgflibraryplotmarks.code.tex 2015/08/03 v3.0.1a (rcs-revision 1.14)
)))
("C:\Users\Abhishek\AppData\Local\Programs\MiKTeX 2.9\tex\latex\pgfplots\pgfplo
tstable.sty"
("C:\Users\Abhishek\AppData\Local\Programs\MiKTeX 2.9\tex\generic\pgfplots\pgfp
lots.revision.tex")
Package: pgfplotstable 2016/01/06 v1.13 Table typesetting and Pretty-printing (
1.13)

("C:\Users\Abhishek\AppData\Local\Programs\MiKTeX 2.9\tex\generic\pgfplots\numt
able\pgfplotstable.code.tex"
("C:\Users\Abhishek\AppData\Local\Programs\MiKTeX 2.9\tex\generic\pgfplots\numt
able\pgfplotstable.coltype.code.tex"))
("C:\Users\Abhishek\AppData\Local\Programs\MiKTeX 2.9\tex\latex\tools\array.sty
"
Package: array 2014/10/28 v2.4c Tabular extension package (FMi)
\col@sep=\dimen182
\extrarowheight=\dimen183
\NC@list=\toks38
\extratabsurround=\skip51
\backup@length=\skip52
)) (gantt.sty
Package: gantt 2011/03/20 Some macros for drawing gantt diagrams using tkiz v.1
.3

("C:\Users\Abhishek\AppData\Local\Programs\MiKTeX 2.9\tex\latex\forloop\forloop
.sty"
Package: forloop 2006/09/18 v3.0 For Loops for LaTeX
)
("C:\Users\Abhishek\AppData\Local\Programs\MiKTeX 2.9\tex\generic\pgf\frontendl
ayer\tikz\libraries\tikzlibrarypatterns.code.tex"
File: tikzlibrarypatterns.code.tex 2008/01/15 v3.0.1a (rcs-revision 1.2)

("C:\Users\Abhishek\AppData\Local\Programs\MiKTeX 2.9\tex\generic\pgf\libraries
\pgflibrarypatterns.code.tex"
File: pgflibrarypatterns.code.tex 2008/03/03 v3.0.1a (rcs-revision 1.13)
))
\c@ganttnum=\count143
\c@ganttwidth=\count144
\ganttlastx=\skip53
\nextganttlastx=\skip54
\gantttmpa=\skip55
\gantttmpb=\skip56
\ganttunitlength=\skip57
\titleunitlength=\skip58
\c@gantttitlenum=\count145
\pgf@layerbox@background=\box60
\pgf@layerboxsaved@background=\box61
\pgf@layerbox@foreground=\box62
\pgf@layerboxsaved@foreground=\box63
)
("C:\Users\Abhishek\AppData\Local\Programs\MiKTeX 2.9\tex\latex\listings\listin
gs.sty"
\lst@mode=\count146
\lst@gtempboxa=\box64
\lst@token=\toks39
\lst@length=\count147
\lst@currlwidth=\dimen184
\lst@column=\count148
\lst@pos=\count149
\lst@lostspace=\dimen185
\lst@width=\dimen186
\lst@newlines=\count150
\lst@lineno=\count151
\lst@maxwidth=\dimen187

("C:\Users\Abhishek\AppData\Local\Programs\MiKTeX 2.9\tex\latex\listings\lstmis
c.sty"
File: lstmisc.sty 2015/06/04 1.6 (Carsten Heinz)
\c@lstnumber=\count152
\lst@skipnumbers=\count153
\lst@framebox=\box65
)
("C:\Users\Abhishek\AppData\Local\Programs\MiKTeX 2.9\tex\latex\listings\listin
gs.cfg"
File: listings.cfg 2015/06/04 1.6 listings configuration
))
Package: listings 2015/06/04 1.6 (Carsten Heinz)

("C:\Users\Abhishek\AppData\Local\Programs\MiKTeX 2.9\tex\latex\rotating\rotati
ng.sty"
Package: rotating 2009/03/28 v2.16a rotated objects in LaTeX
\c@r@tfl@t=\count154
\rotFPtop=\skip59
\rotFPbot=\skip60
\rot@float@box=\box66
\rot@mess@toks=\toks40
)
("C:\Users\Abhishek\AppData\Local\Programs\MiKTeX 2.9\tex\generic\pgf\frontendl
ayer\tikz\libraries\tikzlibrarysnakes.code.tex"
File: tikzlibrarysnakes.code.tex 2013/07/15 v3.0.1a (rcs-revision 1.7)


Package pgf Warning: Snakes have been superseded by decorations. Please use the
 decoration libraries instead of the snakes library on input line 14.


("C:\Users\Abhishek\AppData\Local\Programs\MiKTeX 2.9\tex\generic\pgf\frontendl
ayer\tikz\libraries\tikzlibrarydecorations.shapes.code.tex"
("C:\Users\Abhishek\AppData\Local\Programs\MiKTeX 2.9\tex\generic\pgf\libraries
\decorations\pgflibrarydecorations.shapes.code.tex")))
("C:\Users\Abhishek\AppData\Local\Programs\MiKTeX 2.9\tex\latex\adjustbox\adjus
tbox.sty"
Package: adjustbox 2012/05/21 v1.0 Adjusting TeX boxes (trim, clip, ...)

("C:\Users\Abhishek\AppData\Local\Programs\MiKTeX 2.9\tex\latex\adjustbox\adjca
lc.sty"
Package: adjcalc 2012/05/16 v1.1 Provides advanced setlength with multiple back
-ends (calc, etex, pgfmath)
)
("C:\Users\Abhishek\AppData\Local\Programs\MiKTeX 2.9\tex\latex\adjustbox\trimc
lip.sty"
Package: trimclip 2012/05/16 v1.0 Trim and clip general TeX material

("C:\Users\Abhishek\AppData\Local\Programs\MiKTeX 2.9\tex\latex\collectbox\coll
ectbox.sty"
Package: collectbox 2012/05/17 v0.4b Collect macro arguments as boxes
\collectedbox=\box67
)
\tc@llx=\dimen188
\tc@lly=\dimen189
\tc@urx=\dimen190
\tc@ury=\dimen191
Package trimclip Info: Using driver 'tc-pdftex.def'.

("C:\Users\Abhishek\AppData\Local\Programs\MiKTeX 2.9\tex\latex\adjustbox\tc-pd
ftex.def"
File: tc-pdftex.def 2012/05/13 v1.0 Clipping driver for pdftex
))
\adjbox@Width=\dimen192
\adjbox@Height=\dimen193
\adjbox@Depth=\dimen194
\adjbox@Totalheight=\dimen195

("C:\Users\Abhishek\AppData\Local\Programs\MiKTeX 2.9\tex\latex\ifoddpage\ifodd
page.sty"
Package: ifoddpage 2011/09/13 v1.0 Conditionals for odd/even page detection
\c@checkoddpage=\count155
)
("C:\Users\Abhishek\AppData\Local\Programs\MiKTeX 2.9\tex\latex\ltxmisc\varwidt
h.sty"
Package: varwidth 2009/03/30 ver 0.92;  Variable-width minipages
\@vwid@box=\box68
\sift@deathcycles=\count156
\@vwid@loff=\dimen196
\@vwid@roff=\dimen197
))
("C:\Users\Abhishek\AppData\Local\Programs\MiKTeX 2.9\tex\latex\dot2texi\dot2te
xi.sty"
Package: dot2texi 2008/05/07 v3.0p1 Run dot2tex from LaTeX

("C:\Users\Abhishek\AppData\Local\Programs\MiKTeX 2.9\tex\latex\moreverb\moreve
rb.sty"
Package: moreverb 2008/06/03 v2.3a `more' verbatim facilities

("C:\Users\Abhishek\AppData\Local\Programs\MiKTeX 2.9\tex\latex\tools\verbatim.
sty"
Package: verbatim 2014/10/28 v1.5q LaTeX2e package for verbatim enhancements
\every@verbatim=\toks41
\verbatim@line=\toks42
\verbatim@in@stream=\read2
)
\tab@position=\count157
\tab@size=\count158
\listing@line=\count159
)
\verbatim@out=\write4
runsystem(echo 'write18-test-2017751281'>"report.w18")...quotation error in sys
tem command.



Package dot2texi Warning: Shell escape not enabled.
(dot2texi)                You'll need to convert the graphs yourself..

\c@dtt@fignum=\count160
)
("C:\Users\Abhishek\AppData\Local\Programs\MiKTeX 2.9\tex\latex\subfigure\subfi
gure.sty"
Package: subfigure 2002/07/30 v2.1.4 subfigure package
\subfigtopskip=\skip61
\subfigcapskip=\skip62
\subfigcaptopadj=\dimen198
\subfigbottomskip=\skip63
\subfigcapmargin=\dimen199
\subfiglabelskip=\skip64
\c@subfigure=\count161
\c@lofdepth=\count162
\c@subtable=\count163
\c@lotdepth=\count164

****************************************
* Local config file subfigure.cfg used *
****************************************

("C:\Users\Abhishek\AppData\Local\Programs\MiKTeX 2.9\tex\latex\subfigure\subfi
gure.cfg")
\subfig@top=\skip65
\subfig@bottom=\skip66
)
("C:\Users\Abhishek\AppData\Local\Programs\MiKTeX 2.9\tex\latex\caption\caption
.sty"
Package: caption 2015/09/17 v3.3-111 Customizing captions (AR)

("C:\Users\Abhishek\AppData\Local\Programs\MiKTeX 2.9\tex\latex\caption\caption
3.sty"
Package: caption3 2015/09/20 v1.7-115 caption3 kernel (AR)
Package caption3 Info: TeX engine: e-TeX on input line 57.
\captionmargin=\dimen256
\captionmargin@=\dimen257
\captionwidth=\dimen258
\caption@tempdima=\dimen259
\caption@indent=\dimen260
\caption@parindent=\dimen261
\caption@hangindent=\dimen262
)
\c@ContinuedFloat=\count165
Package caption Info: hyperref package is loaded.
Package caption Info: listings package is loaded.
Package caption Info: rotating package is loaded.
Package caption Info: subfigure package is loaded.
)
("C:\Users\Abhishek\AppData\Local\Programs\MiKTeX 2.9\tex\latex\mdwtools\mdwlis
t.sty"
Package: mdwlist 1996/05/02 1.1 Various list-related things
)
("C:\Users\Abhishek\AppData\Local\Programs\MiKTeX 2.9\tex\latex\wrapfig\wrapfig
.sty"
\wrapoverhang=\dimen263
\WF@size=\dimen264
\c@WF@wrappedlines=\count166
\WF@box=\box69
\WF@everypar=\toks43
Package: wrapfig 2003/01/31  v 3.6
)
("C:\Users\Abhishek\AppData\Local\Programs\MiKTeX 2.9\tex\latex\float\float.sty
"
Package: float 2001/11/08 v1.3d Float enhancements (AL)
\c@float@type=\count167
\float@exts=\toks44
\float@box=\box70
\@float@everytoks=\toks45
\@floatcapt=\box71
)
("C:\Users\Abhishek\AppData\Local\Programs\MiKTeX 2.9\tex\latex\titlesec\titles
ec.sty"
Package: titlesec 2016/03/21 v2.10.2 Sectioning titles
\ttl@box=\box72
\beforetitleunit=\skip67
\aftertitleunit=\skip68
\ttl@plus=\dimen265
\ttl@minus=\dimen266
\ttl@toksa=\toks46
\titlewidth=\dimen267
\titlewidthlast=\dimen268
\titlewidthfirst=\dimen269
)
("C:\Users\Abhishek\AppData\Local\Programs\MiKTeX 2.9\tex\latex\psnfss\courier.
sty"
Package: courier 2005/04/12 PSNFSS-v9.2a (WaS) 
)
("C:\Users\Abhishek\AppData\Local\Programs\MiKTeX 2.9\tex\latex\booktabs\bookta
bs.sty"
Package: booktabs 2005/04/14 v1.61803 publication quality tables
\heavyrulewidth=\dimen270
\lightrulewidth=\dimen271
\cmidrulewidth=\dimen272
\belowrulesep=\dimen273
\belowbottomsep=\dimen274
\aboverulesep=\dimen275
\abovetopsep=\dimen276
\cmidrulesep=\dimen277
\cmidrulekern=\dimen278
\defaultaddspace=\dimen279
\@cmidla=\count168
\@cmidlb=\count169
\@aboverulesep=\dimen280
\@belowrulesep=\dimen281
\@thisruleclass=\count170
\@lastruleclass=\count171
\@thisrulewidth=\dimen282
)
("C:\Users\Abhishek\AppData\Local\Programs\MiKTeX 2.9\tex\latex\colortbl\colort
bl.sty"
Package: colortbl 2012/02/13 v1.0a Color table columns (DPC)
\everycr=\toks47
\minrowclearance=\skip69
)
("C:\Users\Abhishek\AppData\Local\Programs\MiKTeX 2.9\tex\latex\tools\tabularx.
sty"
Package: tabularx 2014/10/28 v2.10 `tabularx' package (DPC)
\TX@col@width=\dimen283
\TX@old@table=\dimen284
\TX@old@col=\dimen285
\TX@target=\dimen286
\TX@delta=\dimen287
\TX@cols=\count172
\TX@ftn=\toks48
)
("C:\Users\Abhishek\AppData\Local\Programs\MiKTeX 2.9\tex\latex\algorithm2e\alg
orithm2e.sty"
Package: algorithm2e 2013/01/06 v5.00 algorithms environments
\c@AlgoLine=\count173
\algocf@hangindent=\skip70

("C:\Users\Abhishek\AppData\Local\Programs\MiKTeX 2.9\tex\latex\tools\xspace.st
y"
Package: xspace 2014/10/28 v1.13 Space after command names (DPC,MH)
)
("C:\Users\Abhishek\AppData\Local\Programs\MiKTeX 2.9\tex\latex\ltxmisc\relsize
.sty"
Package: relsize 2003/07/04 ver 3.1
)
********************************************************
Package `algorithm2e' Release 5.1 -- october 19 2015 --
- algorithm2e-announce@lirmm.fr mailing list for announcement about releases
- algorithm2e-discussion@lirmm.fr mailing list for discussion about package
subscribe by emailing sympa@lirmm.fr with 'subscribe <list> <firstname name>'
- Author: Christophe Fiorio (christophe.fiorio@umontpellier.fr)
********************************************************
\skiptotal=\skip71
\skiplinenumber=\skip72
\skiprule=\skip73
\skiphlne=\skip74
\skiptext=\skip75
\skiplength=\skip76
\algomargin=\skip77
\skipalgocfslide=\skip78
\algowidth=\dimen288
\inoutsize=\dimen289
\inoutindent=\dimen290
\interspacetitleruled=\dimen291
\interspacealgoruled=\dimen292
\interspacetitleboxruled=\dimen293
\algocf@ruledwidth=\skip79
\algocf@inoutbox=\box73
\algocf@inputbox=\box74
\AlCapSkip=\skip80
\AlCapHSkip=\skip81
\algoskipindent=\skip82
\algocf@nlbox=\box75
\algocf@hangingbox=\box76
\algocf@untilbox=\box77
\algocf@skipuntil=\skip83
\algocf@capbox=\box78
\algoheightruledefault=\skip84
\algoheightrule=\skip85
\algotitleheightruledefault=\skip86
\algotitleheightrule=\skip87
\c@algocfline=\count174
\c@algocfproc=\count175
\c@algocf=\count176
\algocf@algoframe=\box79
\algocf@algobox=\box80
)
("C:\Users\Abhishek\AppData\Local\Programs\MiKTeX 2.9\tex\generic\pgf\frontendl
ayer\tikz\libraries\tikzlibrarybackgrounds.code.tex"
File: tikzlibrarybackgrounds.code.tex 2013/07/18 v3.0.1a (rcs-revision 1.3)
)
("C:\Users\Abhishek\AppData\Local\Programs\MiKTeX 2.9\tex\generic\pgf\frontendl
ayer\tikz\libraries\tikzlibraryautomata.code.tex"
File: tikzlibraryautomata.code.tex 2008/07/14 v3.0.1a (rcs-revision 1.3)
)
("C:\Users\Abhishek\AppData\Local\Programs\MiKTeX 2.9\tex\generic\pgf\frontendl
ayer\tikz\libraries\tikzlibrarycalc.code.tex"
File: tikzlibrarycalc.code.tex 2013/07/15 v3.0.1a (rcs-revision 1.9)
)
("C:\Users\Abhishek\AppData\Local\Programs\MiKTeX 2.9\tex\generic\pgf\frontendl
ayer\tikz\libraries\tikzlibraryshadows.code.tex"
File: tikzlibraryshadows.code.tex 2008/01/13 v3.0.1a (rcs-revision 1.3)

("C:\Users\Abhishek\AppData\Local\Programs\MiKTeX 2.9\tex\generic\pgf\frontendl
ayer\tikz\libraries\tikzlibraryfadings.code.tex"
File: tikzlibraryfadings.code.tex 2009/11/15 v3.0.1a (rcs-revision 1.2)

("C:\Users\Abhishek\AppData\Local\Programs\MiKTeX 2.9\tex\generic\pgf\libraries
\pgflibraryfadings.code.tex"
File: pgflibraryfadings.code.tex 2008/02/07 v3.0.1a (rcs-revision 1.3)
)))
("C:\Users\Abhishek\AppData\Local\Programs\MiKTeX 2.9\tex\latex\upquote\upquote
.sty"
Package: upquote 2012/04/19 v1.3 upright-quote and grave-accent glyphs in verba
tim

("C:\Users\Abhishek\AppData\Local\Programs\MiKTeX 2.9\tex\latex\base\textcomp.s
ty"
Package: textcomp 2005/09/27 v1.99g Standard LaTeX package
Package textcomp Info: Sub-encoding information:
(textcomp)               5 = only ISO-Adobe without \textcurrency
(textcomp)               4 = 5 + \texteuro
(textcomp)               3 = 4 + \textohm
(textcomp)               2 = 3 + \textestimated + \textcurrency
(textcomp)               1 = TS1 - \textcircled - \t
(textcomp)               0 = TS1 (full)
(textcomp)             Font families with sub-encoding setting implement
(textcomp)             only a restricted character set as indicated.
(textcomp)             Family '?' is the default used for unknown fonts.
(textcomp)             See the documentation for details.
Package textcomp Info: Setting ? sub-encoding to TS1/1 on input line 79.

("C:\Users\Abhishek\AppData\Local\Programs\MiKTeX 2.9\tex\latex\base\ts1enc.def
"
File: ts1enc.def 2001/06/05 v3.0e (jk/car/fm) Standard LaTeX file
)
LaTeX Info: Redefining \oldstylenums on input line 334.
Package textcomp Info: Setting cmr sub-encoding to TS1/0 on input line 349.
Package textcomp Info: Setting cmss sub-encoding to TS1/0 on input line 350.
Package textcomp Info: Setting cmtt sub-encoding to TS1/0 on input line 351.
Package textcomp Info: Setting cmvtt sub-encoding to TS1/0 on input line 352.
Package textcomp Info: Setting cmbr sub-encoding to TS1/0 on input line 353.
Package textcomp Info: Setting cmtl sub-encoding to TS1/0 on input line 354.
Package textcomp Info: Setting ccr sub-encoding to TS1/0 on input line 355.
Package textcomp Info: Setting ptm sub-encoding to TS1/4 on input line 356.
Package textcomp Info: Setting pcr sub-encoding to TS1/4 on input line 357.
Package textcomp Info: Setting phv sub-encoding to TS1/4 on input line 358.
Package textcomp Info: Setting ppl sub-encoding to TS1/3 on input line 359.
Package textcomp Info: Setting pag sub-encoding to TS1/4 on input line 360.
Package textcomp Info: Setting pbk sub-encoding to TS1/4 on input line 361.
Package textcomp Info: Setting pnc sub-encoding to TS1/4 on input line 362.
Package textcomp Info: Setting pzc sub-encoding to TS1/4 on input line 363.
Package textcomp Info: Setting bch sub-encoding to TS1/4 on input line 364.
Package textcomp Info: Setting put sub-encoding to TS1/5 on input line 365.
Package textcomp Info: Setting uag sub-encoding to TS1/5 on input line 366.
Package textcomp Info: Setting ugq sub-encoding to TS1/5 on input line 367.
Package textcomp Info: Setting ul8 sub-encoding to TS1/4 on input line 368.
Package textcomp Info: Setting ul9 sub-encoding to TS1/4 on input line 369.
Package textcomp Info: Setting augie sub-encoding to TS1/5 on input line 370.
Package textcomp Info: Setting dayrom sub-encoding to TS1/3 on input line 371.
Package textcomp Info: Setting dayroms sub-encoding to TS1/3 on input line 372.

Package textcomp Info: Setting pxr sub-encoding to TS1/0 on input line 373.
Package textcomp Info: Setting pxss sub-encoding to TS1/0 on input line 374.
Package textcomp Info: Setting pxtt sub-encoding to TS1/0 on input line 375.
Package textcomp Info: Setting txr sub-encoding to TS1/0 on input line 376.
Package textcomp Info: Setting txss sub-encoding to TS1/0 on input line 377.
Package textcomp Info: Setting txtt sub-encoding to TS1/0 on input line 378.
Package textcomp Info: Setting lmr sub-encoding to TS1/0 on input line 379.
Package textcomp Info: Setting lmdh sub-encoding to TS1/0 on input line 380.
Package textcomp Info: Setting lmss sub-encoding to TS1/0 on input line 381.
Package textcomp Info: Setting lmssq sub-encoding to TS1/0 on input line 382.
Package textcomp Info: Setting lmvtt sub-encoding to TS1/0 on input line 383.
Package textcomp Info: Setting lmtt sub-encoding to TS1/0 on input line 384.
Package textcomp Info: Setting qhv sub-encoding to TS1/0 on input line 385.
Package textcomp Info: Setting qag sub-encoding to TS1/0 on input line 386.
Package textcomp Info: Setting qbk sub-encoding to TS1/0 on input line 387.
Package textcomp Info: Setting qcr sub-encoding to TS1/0 on input line 388.
Package textcomp Info: Setting qcs sub-encoding to TS1/0 on input line 389.
Package textcomp Info: Setting qpl sub-encoding to TS1/0 on input line 390.
Package textcomp Info: Setting qtm sub-encoding to TS1/0 on input line 391.
Package textcomp Info: Setting qzc sub-encoding to TS1/0 on input line 392.
Package textcomp Info: Setting qhvc sub-encoding to TS1/0 on input line 393.
Package textcomp Info: Setting futs sub-encoding to TS1/4 on input line 394.
Package textcomp Info: Setting futx sub-encoding to TS1/4 on input line 395.
Package textcomp Info: Setting futj sub-encoding to TS1/4 on input line 396.
Package textcomp Info: Setting hlh sub-encoding to TS1/3 on input line 397.
Package textcomp Info: Setting hls sub-encoding to TS1/3 on input line 398.
Package textcomp Info: Setting hlst sub-encoding to TS1/3 on input line 399.
Package textcomp Info: Setting hlct sub-encoding to TS1/5 on input line 400.
Package textcomp Info: Setting hlx sub-encoding to TS1/5 on input line 401.
Package textcomp Info: Setting hlce sub-encoding to TS1/5 on input line 402.
Package textcomp Info: Setting hlcn sub-encoding to TS1/5 on input line 403.
Package textcomp Info: Setting hlcw sub-encoding to TS1/5 on input line 404.
Package textcomp Info: Setting hlcf sub-encoding to TS1/5 on input line 405.
Package textcomp Info: Setting pplx sub-encoding to TS1/3 on input line 406.
Package textcomp Info: Setting pplj sub-encoding to TS1/3 on input line 407.
Package textcomp Info: Setting ptmx sub-encoding to TS1/4 on input line 408.
Package textcomp Info: Setting ptmj sub-encoding to TS1/4 on input line 409.
))
("C:\Users\Abhishek\AppData\Local\Programs\MiKTeX 2.9\tex\latex\fancyhdr\fancyh
dr.sty"
\fancy@headwidth=\skip88
\f@ncyO@elh=\skip89
\f@ncyO@erh=\skip90
\f@ncyO@olh=\skip91
\f@ncyO@orh=\skip92
\f@ncyO@elf=\skip93
\f@ncyO@erf=\skip94
\f@ncyO@olf=\skip95
\f@ncyO@orf=\skip96
)
("C:\Users\Abhishek\AppData\Local\Programs\MiKTeX 2.9\tex\latex\nomencl\nomencl
.sty"
Package: nomencl 2005/09/22 v4.2 Nomenclature package (LN)
\nomlabelwidth=\dimen294
\nom@tempdim=\dimen295
\nomitemsep=\skip97
)
\@nomenclaturefile=\write5
\openout5 = `report.nlo'.


Writing nomenclature file report.nlo

("C:\Users\Abhishek\AppData\Local\Programs\MiKTeX 2.9\tex\latex\acronym\acronym
.sty"
Package: acronym 2015/03/21 v1.41 Support for acronyms (Tobias Oetiker)

("C:\Users\Abhishek\AppData\Local\Programs\MiKTeX 2.9\tex\latex\bigfoot\suffix.
sty"
Package: suffix 2006/07/15 1.5a Variant command support
)
("C:\Users\Abhishek\AppData\Local\Programs\MiKTeX 2.9\tex\latex\xstring\xstring
.sty"
("C:\Users\Abhishek\AppData\Local\Programs\MiKTeX 2.9\tex\generic\xstring\xstri
ng.tex"
\@xs@message=\write6
\integerpart=\count177
\decimalpart=\count178
)
Package: xstring 2013/10/13  v1.7c  String manipulations (C Tellechea)
)
\AC@clearlist=\toks49
) (report.aux

LaTeX Warning: Label `throughput' multiply defined.


LaTeX Warning: Label `ARM' multiply defined.


LaTeX Warning: Label `NEON' multiply defined.


LaTeX Warning: Label `MXP' multiply defined.


LaTeX Warning: Label `Intel-i3' multiply defined.


LaTeX Warning: Label `ARM' multiply defined.


LaTeX Warning: Label `NEON' multiply defined.


LaTeX Warning: Label `MXP' multiply defined.


LaTeX Warning: Label `Intel-i3' multiply defined.


LaTeX Warning: Label `ARM' multiply defined.


LaTeX Warning: Label `NEON' multiply defined.


LaTeX Warning: Label `MXP' multiply defined.


LaTeX Warning: Label `Intel-i3' multiply defined.

)
\openout1 = `report.aux'.

LaTeX Font Info:    Checking defaults for OML/cmm/m/it on input line 164.
LaTeX Font Info:    ... okay on input line 164.
LaTeX Font Info:    Checking defaults for T1/cmr/m/n on input line 164.
LaTeX Font Info:    ... okay on input line 164.
LaTeX Font Info:    Checking defaults for OT1/cmr/m/n on input line 164.
LaTeX Font Info:    ... okay on input line 164.
LaTeX Font Info:    Checking defaults for OMS/cmsy/m/n on input line 164.
LaTeX Font Info:    ... okay on input line 164.
LaTeX Font Info:    Checking defaults for OMX/cmex/m/n on input line 164.
LaTeX Font Info:    ... okay on input line 164.
LaTeX Font Info:    Checking defaults for U/cmr/m/n on input line 164.
LaTeX Font Info:    ... okay on input line 164.
LaTeX Font Info:    Checking defaults for PD1/pdf/m/n on input line 164.
LaTeX Font Info:    ... okay on input line 164.
LaTeX Font Info:    Checking defaults for TS1/cmr/m/n on input line 164.
LaTeX Font Info:    Try loading font information for TS1+cmr on input line 164.

 ("C:\Users\Abhishek\AppData\Local\Programs\MiKTeX 2.9\tex\latex\base\ts1cmr.fd
"
File: ts1cmr.fd 2014/09/29 v2.5h Standard LaTeX font definitions
)
LaTeX Font Info:    ... okay on input line 164.

("C:\Users\Abhishek\AppData\Local\Programs\MiKTeX 2.9\tex\context\base\supp-pdf
.mkii"
[Loading MPS to PDF converter (version 2006.09.02).]
\scratchcounter=\count179
\scratchdimen=\dimen296
\scratchbox=\box81
\nofMPsegments=\count180
\nofMParguments=\count181
\everyMPshowfont=\toks50
\MPscratchCnt=\count182
\MPscratchDim=\dimen297
\MPnumerator=\count183
\makeMPintoPDFobject=\count184
\everyMPtoPDFconversion=\toks51
)
\AtBeginShipoutBox=\box82
Package hyperref Info: Link coloring OFF on input line 164.

("C:\Users\Abhishek\AppData\Local\Programs\MiKTeX 2.9\tex\latex\hyperref\namere
f.sty"
Package: nameref 2012/10/27 v2.43 Cross-referencing by name of section

("C:\Users\Abhishek\AppData\Local\Programs\MiKTeX 2.9\tex\generic\oberdiek\gett
itlestring.sty"
Package: gettitlestring 2010/12/03 v1.4 Cleanup title references (HO)
)
\c@section@level=\count185
)
LaTeX Info: Redefining \ref on input line 164.
LaTeX Info: Redefining \pageref on input line 164.
LaTeX Info: Redefining \nameref on input line 164.
 (report.out) (report.out)
\@outlinefile=\write7
\openout7 = `report.out'.


ABD: EveryShipout initializing macros
Package pgfplots notification 'compat/show suggested version=true': document ha
s been generated with the most recent feature set (\pgfplotsset{compat=1.13}).

\c@lstlisting=\count186
Package caption Info: Begin \AtBeginDocument code.
Package caption Info: float package is loaded.
Package caption Info: wrapfig package is loaded.
Package caption Info: End \AtBeginDocument code.
(files/title_page.tex
<images/NTU_logo.pdf, id=254, 2038.81696pt x 834.31702pt>
File: images/NTU_logo.pdf Graphic file (type pdf)

<use images/NTU_logo.pdf>
Package pdftex.def Info: images/NTU_logo.pdf used on input line 6.
(pdftex.def)             Requested size: 227.62204pt x 93.13733pt.
 [1

{C:/Users/Abhishek/AppData/Local/MiKTeX/2.9/pdftex/config/pdftex.map} <./images
/NTU_logo.pdf>]) (report.toc [1

]

Package Fancyhdr Warning: \headheight is too small (12.0pt): 
 Make it at least 14.49998pt.
 We now make it that large for the rest of the document.
 This may cause the page layout to be inconsistent, however.

[2])
\tf@toc=\write8
\openout8 = `report.toc'.



Package Fancyhdr Warning: \headheight is too small (12.0pt): 
 Make it at least 14.49998pt.
 We now make it that large for the rest of the document.
 This may cause the page layout to be inconsistent, however.

[3] (report.lof [4

])
\tf@lof=\write9
\openout9 = `report.lof'.



Package Fancyhdr Warning: \headheight is too small (12.0pt): 
 Make it at least 14.49998pt.
 We now make it that large for the rest of the document.
 This may cause the page layout to be inconsistent, however.

[5] (report.lot)
\tf@lot=\write10
\openout10 = `report.lot'.

 (files/0.abbreviations.tex [6

]) [7

]pdfTeX warning (ext4): destination with the same identifier (name{page.i}) has
 been already used, duplicate ignored
<to be read again> 
                   \relax 
l.196 \end{abstract}
                     [1] (files/0_acknowledgement.tex)
(files/1_introduction.texpdfTeX warning (ext4): destination with the same ident
ifier (name{page.1}) has been already used, duplicate ignored
<to be read again> 
                   \relax 
l.1 \chapter
            {Introduction} [1

]
Chapter 1.

Overfull \hbox (2.34447pt too wide) in paragraph at lines 11--14
\OT1/cmr/m/n/12 software-like pro-gramma-bil-ity and im-proved per-for-mance. O
ne such ex-am-ple is NEON
 []

<images/arm-neon-mxp.png, id=464, 668.4975pt x 484.81125pt>
File: images/arm-neon-mxp.png Graphic file (type png)

<use images/arm-neon-mxp.png>
Package pdftex.def Info: images/arm-neon-mxp.png used on input line 17.
(pdftex.def)             Requested size: 290.5246pt x 210.69885pt.
 [2

]
<images/table-arm-neon-mxp.png, id=472, 794.97pt x 461.725pt>
File: images/table-arm-neon-mxp.png Graphic file (type png)

<use images/table-arm-neon-mxp.png>
Package pdftex.def Info: images/table-arm-neon-mxp.png used on input line 28.
(pdftex.def)             Requested size: 290.5246pt x 168.7431pt.

Underfull \vbox (badness 5217) has occurred while \output is active []



Package Fancyhdr Warning: \headheight is too small (12.0pt): 
 Make it at least 14.49998pt.
 We now make it that large for the rest of the document.
 This may cause the page layout to be inconsistent, however.

[3 <./images/arm-neon-mxp.png (PNG copy)> <./images/table-arm-neon-mxp.png (PNG
 copy)>] <images/quad-poly.png, id=480, 633.36626pt x 476.78125pt>
File: images/quad-poly.png Graphic file (type png)

<use images/quad-poly.png>
Package pdftex.def Info: images/quad-poly.png used on input line 43.
(pdftex.def)             Requested size: 390.25534pt x 293.78253pt.

Underfull \vbox (badness 2608) has occurred while \output is active []



Package Fancyhdr Warning: \headheight is too small (12.0pt): 
 Make it at least 14.49998pt.
 We now make it that large for the rest of the document.
 This may cause the page layout to be inconsistent, however.

[4 <./images/quad-poly.png (PNG copy)>]) (files/2_background.tex

Package Fancyhdr Warning: \headheight is too small (12.0pt): 
 Make it at least 14.49998pt.
 We now make it that large for the rest of the document.
 This may cause the page layout to be inconsistent, however.

[5]
Chapter 2.
Missing character: There is no  in font cmr12!
Missing character: There is no  in font cmr12!
Missing character: There is no  in font cmr12!
[6

]
Missing character: There is no  in font cmr12!
Missing character: There is no  in font cmr12!
Missing character: There is no  in font cmr12!
Missing character: There is no  in font cmr12!
Missing character: There is no  in font cmr12!
Missing character: There is no  in font cmr12!

Overfull \hbox (24.18767pt too wide) in paragraph at lines 14--14
|[]\OT1/cmr/bx/n/17.28 FPGA Vir-tu-al-iza-tion for High Per-for-mance Com-
 []


Package Fancyhdr Warning: \headheight is too small (12.0pt): 
 Make it at least 14.49998pt.
 We now make it that large for the rest of the document.
 This may cause the page layout to be inconsistent, however.

[7]
Underfull \vbox (badness 1810) has occurred while \output is active []



Package Fancyhdr Warning: \headheight is too small (12.0pt): 
 Make it at least 14.49998pt.
 We now make it that large for the rest of the document.
 This may cause the page layout to be inconsistent, however.

[8] (tables/ZedBoardFeatures.tex)
<images/zedboard_block.png, id=525, 660.4675pt x 661.47125pt>
File: images/zedboard_block.png Graphic file (type png)

<use images/zedboard_block.png>
Package pdftex.def Info: images/zedboard_block.png used on input line 37.
(pdftex.def)             Requested size: 390.25534pt x 390.86015pt.


Package Fancyhdr Warning: \headheight is too small (12.0pt): 
 Make it at least 14.49998pt.
 We now make it that large for the rest of the document.
 This may cause the page layout to be inconsistent, however.

[9]

Package Fancyhdr Warning: \headheight is too small (12.0pt): 
 Make it at least 14.49998pt.
 We now make it that large for the rest of the document.
 This may cause the page layout to be inconsistent, however.

[10 <./images/zedboard_block.png>]

Package Fancyhdr Warning: \headheight is too small (12.0pt): 
 Make it at least 14.49998pt.
 We now make it that large for the rest of the document.
 This may cause the page layout to be inconsistent, however.

[11] <images/zynqblockdiagram.png, id=546, 800.9925pt x 522.95375pt>
File: images/zynqblockdiagram.png Graphic file (type png)

<use images/zynqblockdiagram.png>
Package pdftex.def Info: images/zynqblockdiagram.png used on input line 76.
(pdftex.def)             Requested size: 390.25534pt x 254.79729pt.


Package Fancyhdr Warning: \headheight is too small (12.0pt): 
 Make it at least 14.49998pt.
 We now make it that large for the rest of the document.
 This may cause the page layout to be inconsistent, however.

[12]
Missing character: There is no  in font cmr12!
Missing character: There is no  in font cmr12!
Missing character: There is no  in font cmr12!

Underfull \vbox (badness 3907) has occurred while \output is active []



Package Fancyhdr Warning: \headheight is too small (12.0pt): 
 Make it at least 14.49998pt.
 We now make it that large for the rest of the document.
 This may cause the page layout to be inconsistent, however.

[13 <./images/zynqblockdiagram.png>])
(files/3.MXPforHighPerformanceComputing.tex

Package Fancyhdr Warning: \headheight is too small (12.0pt): 
 Make it at least 14.49998pt.
 We now make it that large for the rest of the document.
 This may cause the page layout to be inconsistent, however.

[14]
Chapter 3.


pdfTeX warning: pdflatex.exe (file ./images/mxp_diagram.pdf): PDF inclusion: fo
und PDF version <1.7>, but at most version <1.5> allowed
<images/mxp_diagram.pdf, id=575, 794.97pt x 614.295pt>
File: images/mxp_diagram.pdf Graphic file (type pdf)

<use images/mxp_diagram.pdf>
Package pdftex.def Info: images/mxp_diagram.pdf used on input line 9.
(pdftex.def)             Requested size: 390.25534pt x 301.56958pt.
 [15

]

Package Fancyhdr Warning: \headheight is too small (12.0pt): 
 Make it at least 14.49998pt.
 We now make it that large for the rest of the document.
 This may cause the page layout to be inconsistent, however.

[16 <./images/mxp_diagram.pdf>]
<images/c1.png, id=606, 482.80376pt x 232.36812pt>
File: images/c1.png Graphic file (type png)
 <use images/c1.png>
Package pdftex.def Info: images/c1.png used on input line 31.
(pdftex.def)             Requested size: 390.25534pt x 187.83066pt.

<images/c2.png, id=608, 497.86pt x 329.23pt>
File: images/c2.png Graphic file (type png)
 <use images/c2.png>
Package pdftex.def Info: images/c2.png used on input line 42.
(pdftex.def)             Requested size: 390.25534pt x 258.07939pt.


Package Fancyhdr Warning: \headheight is too small (12.0pt): 
 Make it at least 14.49998pt.
 We now make it that large for the rest of the document.
 This may cause the page layout to be inconsistent, however.

[17]

Package Fancyhdr Warning: \headheight is too small (12.0pt): 
 Make it at least 14.49998pt.
 We now make it that large for the rest of the document.
 This may cause the page layout to be inconsistent, however.

[18 <./images/c1.png> <./images/c2.png>]
<images/MXPProcess.png, id=620, 511.41063pt x 382.42876pt>
File: images/MXPProcess.png Graphic file (type png)

<use images/MXPProcess.png>
Package pdftex.def Info: images/MXPProcess.png used on input line 70.
(pdftex.def)             Requested size: 520.34267pt x 389.13266pt.

Overfull \hbox (86.72267pt too wide) in paragraph at lines 70--71
 [][] 
 []

) (files/4.OSSupportforMXP.tex

Package Fancyhdr Warning: \headheight is too small (12.0pt): 
 Make it at least 14.49998pt.
 We now make it that large for the rest of the document.
 This may cause the page layout to be inconsistent, however.

[19]

Package Fancyhdr Warning: \headheight is too small (12.0pt): 
 Make it at least 14.49998pt.
 We now make it that large for the rest of the document.
 This may cause the page layout to be inconsistent, however.

[20 <./images/MXPProcess.png>]
Chapter 4.

Overfull \hbox (1.41762pt too wide) in paragraph at lines 3--3
|[]\OT1/cmr/bx/n/17.28 Configuring the Linux For MXP on Xil-inx Zed-
 []

LaTeX Font Info:    Try loading font information for OT1+pcr on input line 9.

("C:\Users\Abhishek\AppData\Local\Programs\MiKTeX 2.9\tex\latex\psnfss\ot1pcr.f
d"
File: ot1pcr.fd 2001/06/04 font definitions for OT1/pcr.
) <images/bootloader.png, id=642, 431.6125pt x 337.26pt>
File: images/bootloader.png Graphic file (type png)

<use images/bootloader.png>
Package pdftex.def Info: images/bootloader.png used on input line 21.
(pdftex.def)             Requested size: 433.62pt x 338.83904pt.
 [21

]
("C:\Users\Abhishek\AppData\Local\Programs\MiKTeX 2.9\tex\latex\listings\lstlan
g1.sty"
File: lstlang1.sty 2015/06/04 1.6 listings language file
)
("C:\Users\Abhishek\AppData\Local\Programs\MiKTeX 2.9\tex\latex\listings\lstmis
c.sty"
File: lstmisc.sty 2015/06/04 1.6 (Carsten Heinz)
)
Package hyperref Info: bookmark level for unknown lstlisting defaults to 0 on i
nput line 37.
 (codes.c

Package Fancyhdr Warning: \headheight is too small (12.0pt): 
 Make it at least 14.49998pt.
 We now make it that large for the rest of the document.
 This may cause the page layout to be inconsistent, however.

[22 <./images/bootloader.png>]
LaTeX Font Info:    Font shape `OT1/pcr/m/it' in size <11> not available
(Font)              Font shape `OT1/pcr/m/sl' tried instead on input line 96.
LaTeX Font Info:    Try loading font information for TS1+pcr on input line 99.

("C:\Users\Abhishek\AppData\Local\Programs\MiKTeX 2.9\tex\latex\psnfss\ts1pcr.f
d"
File: ts1pcr.fd 2001/06/04 font definitions for TS1/pcr.
)) (CodeSnippet.txt) (CodeSnippet.txt)

Package Fancyhdr Warning: \headheight is too small (12.0pt): 
 Make it at least 14.49998pt.
 We now make it that large for the rest of the document.
 This may cause the page layout to be inconsistent, however.

[23] (CodeSnippet.txt) (CodeSnippet.txt) (CodeSnippet.txt) (CodeSnippet.txt)

Package Fancyhdr Warning: \headheight is too small (12.0pt): 
 Make it at least 14.49998pt.
 We now make it that large for the rest of the document.
 This may cause the page layout to be inconsistent, however.

[24] (CodeSnippet.txt)
LaTeX Font Info:    Try loading font information for OMS+cmr on input line 80.

("C:\Users\Abhishek\AppData\Local\Programs\MiKTeX 2.9\tex\latex\base\omscmr.fd"
File: omscmr.fd 2014/09/29 v2.5h Standard LaTeX font definitions
)
LaTeX Font Info:    Font shape `OMS/cmr/m/n' in size <12> not available
(Font)              Font shape `OMS/cmsy/m/n' tried instead on input line 80.
 (CodeSnippet.txt) (CodeSnippet.txt) (CodeSnippet.txt) (CodeSnippet.txt

Package Fancyhdr Warning: \headheight is too small (12.0pt): 
 Make it at least 14.49998pt.
 We now make it that large for the rest of the document.
 This may cause the page layout to be inconsistent, however.

[25])
Overfull \hbox (2.09158pt too wide) in paragraph at lines 108--109
\OT1/cmr/m/n/12 have the de-vice tree en-tries cor-re-spond-ing to var-i-ous pe
-riph-er-als in mxp[]linux.dts
 []


Package Fancyhdr Warning: \headheight is too small (12.0pt): 
 Make it at least 14.49998pt.
 We now make it that large for the rest of the document.
 This may cause the page layout to be inconsistent, however.

[26] (CodeSnippet.txt) (CodeSnippet.txt) (CodeSnippet.txt) (CodeSnippet.txt)
(CodeSnippet.txt) (CodeSnippet.txt)

Package Fancyhdr Warning: \headheight is too small (12.0pt): 
 Make it at least 14.49998pt.
 We now make it that large for the rest of the document.
 This may cause the page layout to be inconsistent, however.

[27] (CodeSnippet.txt)
Overfull \hbox (9.50394pt too wide) in paragraph at lines 165--166
[]\OT1/cmr/m/n/12 Github Link : []$\OT1/pcr/m/n/12 https : / / github . com / A
dhikariSaurabh / mxpbenchmarks /$
 []

) (files/5.PerformanceAnalysisofcomputekernels.tex

Package Fancyhdr Warning: \headheight is too small (12.0pt): 
 Make it at least 14.49998pt.
 We now make it that large for the rest of the document.
 This may cause the page layout to be inconsistent, however.

[28]
Chapter 5.
Missing character: There is no  in font cmr12!
Missing character: There is no  in font cmr12!
Missing character: There is no  in font cmr12!
(tables/Speedupforbenchmarks.tex)
(figures_tex/Speedupfordifferentbenchmarks.tex
Overfull \hbox (2.10406pt too wide) in paragraph at lines 110--111
 [][] 
 []

) [29

] (tables/BenchmarksCharacteristics.tex)

Package Fancyhdr Warning: \headheight is too small (12.0pt): 
 Make it at least 14.49998pt.
 We now make it that large for the rest of the document.
 This may cause the page layout to be inconsistent, however.

[30] <images/dag.png, id=860, 554.57187pt x 398.48875pt>
File: images/dag.png Graphic file (type png)
 <use images/dag.png>
Package pdftex.def Info: images/dag.png used on input line 30.
(pdftex.def)             Requested size: 433.62pt x 311.58003pt.

Underfull \vbox (badness 10000) has occurred while \output is active []



Package Fancyhdr Warning: \headheight is too small (12.0pt): 
 Make it at least 14.49998pt.
 We now make it that large for the rest of the document.
 This may cause the page layout to be inconsistent, however.

[31]
Underfull \vbox (badness 10000) has occurred while \output is active []



Package Fancyhdr Warning: \headheight is too small (12.0pt): 
 Make it at least 14.49998pt.
 We now make it that large for the rest of the document.
 This may cause the page layout to be inconsistent, however.

[32 <./images/dag.png>] (tables/Poly-2BenchmarkRuntime.tex)
(tables/Poly-3BenchmarkRuntime.tex) (figures_tex/Poly-2benchmark.tex
Package pgfplots info on input line 53: Using 'lua backend=false' for axis: ymo
de=log unsupported (yet).
Package pgfplots info on input line 53: Using 'lua backend=false' for axis: x c
oord trafo unsupported.

NOTE: coordinate (131072, 0) has been dropped because it is unbounded (in y). (
see also unbounded coords=jump). 
NOTE: coordinate (262144, 0) has been dropped because it is unbounded (in y). (
see also unbounded coords=jump). 
) (figures_tex/Poly-3benchmark.tex
Package pgfplots info on input line 26: Using 'lua backend=false' for axis: ymo
de=log unsupported (yet).
Package pgfplots info on input line 26: Using 'lua backend=false' for axis: x c
oord trafo unsupported.

NOTE: coordinate (131072, 0) has been dropped because it is unbounded (in y). (
see also unbounded coords=jump). 
NOTE: coordinate (262144, 0) has been dropped because it is unbounded (in y). (
see also unbounded coords=jump). 
) (figures_tex/throughput_graph_hls_overlay.tex)

Package Fancyhdr Warning: \headheight is too small (12.0pt): 
 Make it at least 14.49998pt.
 We now make it that large for the rest of the document.
 This may cause the page layout to be inconsistent, however.

[33]
Underfull \vbox (badness 5490) has occurred while \output is active []



Package Fancyhdr Warning: \headheight is too small (12.0pt): 
 Make it at least 14.49998pt.
 We now make it that large for the rest of the document.
 This may cause the page layout to be inconsistent, however.

[34] (tables/ThroughputAnalysisforPolyBenchmarks.tex)
(figures_tex/throughput_graph_hls_overlay_kernel_byte.tex)
(figures_tex/throughput_graph_hls_overlay_kernel_half.tex)
(figures_tex/throughput_graph_hls_overlay_kernel_word.tex)

Package Fancyhdr Warning: \headheight is too small (12.0pt): 
 Make it at least 14.49998pt.
 We now make it that large for the rest of the document.
 This may cause the page layout to be inconsistent, however.

[35]
Underfull \vbox (badness 2318) has occurred while \output is active []



Package Fancyhdr Warning: \headheight is too small (12.0pt): 
 Make it at least 14.49998pt.
 We now make it that large for the rest of the document.
 This may cause the page layout to be inconsistent, however.

[36]
Underfull \vbox (badness 1924) has occurred while \output is active []



Package Fancyhdr Warning: \headheight is too small (12.0pt): 
 Make it at least 14.49998pt.
 We now make it that large for the rest of the document.
 This may cause the page layout to be inconsistent, however.

[37] (tables/ThroughputAnalysisforFilterBenchmarks.tex)
(tables/ThroughputAnalysisforStandardComputeKernels.tex)

Package Fancyhdr Warning: \headheight is too small (12.0pt): 
 Make it at least 14.49998pt.
 We now make it that large for the rest of the document.
 This may cause the page layout to be inconsistent, however.

[38]
Underfull \vbox (badness 7576) has occurred while \output is active []



Package Fancyhdr Warning: \headheight is too small (12.0pt): 
 Make it at least 14.49998pt.
 We now make it that large for the rest of the document.
 This may cause the page layout to be inconsistent, however.

[39] (tables/ThroughputAnalysisforLinearAlgebrakernel.tex)
Overfull \hbox (9.50394pt too wide) in paragraph at lines 116--117
[]\OT1/cmr/m/n/12 Github Link : []$\OT1/pcr/m/n/12 https : / / github . com / A
dhikariSaurabh / mxpbenchmarks /$
 []

) (files/6.SpMVAnalysis.tex

Package Fancyhdr Warning: \headheight is too small (12.0pt): 
 Make it at least 14.49998pt.
 We now make it that large for the rest of the document.
 This may cause the page layout to be inconsistent, however.

[40]
Chapter 6.
Missing character: There is no  in font cmr12!
Missing character: There is no  in font cmr12!
Missing character: There is no  in font cmr12!
<images/lena.png, id=955, 379.4175pt x 183.68625pt>
File: images/lena.png Graphic file (type png)
 <use images/lena.png>
Package pdftex.def Info: images/lena.png used on input line 10.
(pdftex.def)             Requested size: 390.25534pt x 188.93546pt.

<images/code2.png, id=957, 478.28688pt x 406.01688pt>
File: images/code2.png Graphic file (type png)
 <use images/code2.png>
Package pdftex.def Info: images/code2.png used on input line 23.
(pdftex.def)             Requested size: 433.62pt x 368.10056pt.

(tables/ImageProcessingRuntimeAnalysis.tex) [41

]

Package Fancyhdr Warning: \headheight is too small (12.0pt): 
 Make it at least 14.49998pt.
 We now make it that large for the rest of the document.
 This may cause the page layout to be inconsistent, however.

[42 <./images/lena.png>]

Package Fancyhdr Warning: \headheight is too small (12.0pt): 
 Make it at least 14.49998pt.
 We now make it that large for the rest of the document.
 This may cause the page layout to be inconsistent, however.

[43 <./images/code2.png>]

pdfTeX warning: pdflatex.exe (file ./images/csr.pdf): PDF inclusion: found PDF 
version <1.7>, but at most version <1.5> allowed
<images/csr.pdf, id=980, 586.44093pt x 645.16031pt>
File: images/csr.pdf Graphic file (type pdf)
 <use images/csr.pdf>
Package pdftex.def Info: images/csr.pdf used on input line 62.
(pdftex.def)             Requested size: 173.44534pt x 190.80301pt.


pdfTeX warning: pdflatex.exe (file ./images/csc.pdf): PDF inclusion: found PDF 
version <1.7>, but at most version <1.5> allowed
<images/csc.pdf, id=982, 804.75656pt x 304.13625pt>
File: images/csc.pdf Graphic file (type pdf)
 <use images/csc.pdf>
Package pdftex.def Info: images/csc.pdf used on input line 73.
(pdftex.def)             Requested size: 260.17464pt x 98.32333pt.


Package Fancyhdr Warning: \headheight is too small (12.0pt): 
 Make it at least 14.49998pt.
 We now make it that large for the rest of the document.
 This may cause the page layout to be inconsistent, however.

[44 <./images/csr.pdf>]

pdfTeX warning: pdflatex.exe (file ./images/bcr.pdf): PDF inclusion: found PDF 
version <1.7>, but at most version <1.5> allowed
<images/bcr.pdf, id=997, 614.295pt x 794.97pt>
File: images/bcr.pdf Graphic file (type pdf)
 <use images/bcr.pdf>
Package pdftex.def Info: images/bcr.pdf used on input line 85.
(pdftex.def)             Requested size: 260.17464pt x 336.69934pt.

(tables/SpMVUsage.tex)

Package Fancyhdr Warning: \headheight is too small (12.0pt): 
 Make it at least 14.49998pt.
 We now make it that large for the rest of the document.
 This may cause the page layout to be inconsistent, however.

[45 <./images/csc.pdf>]

Package Fancyhdr Warning: \headheight is too small (12.0pt): 
 Make it at least 14.49998pt.
 We now make it that large for the rest of the document.
 This may cause the page layout to be inconsistent, however.

[46 <./images/bcr.pdf>] (tables/RuntimeforSpMV.tex
LaTeX Font Info:    Font shape `OMS/cmr/bx/n' in size <10.95> not available
(Font)              Font shape `OMS/cmsy/b/n' tried instead on input line 20.
)
Overfull \hbox (9.50394pt too wide) in paragraph at lines 118--119
[]\OT1/cmr/m/n/12 Github Link : []$\OT1/pcr/m/n/12 https : / / github . com / A
dhikariSaurabh / mxpbenchmarks /$
 []

) (files/7.conclusion.tex

Package Fancyhdr Warning: \headheight is too small (12.0pt): 
 Make it at least 14.49998pt.
 We now make it that large for the rest of the document.
 This may cause the page layout to be inconsistent, however.

[47]
Chapter 7.
[48

]

Package Fancyhdr Warning: \headheight is too small (12.0pt): 
 Make it at least 14.49998pt.
 We now make it that large for the rest of the document.
 This may cause the page layout to be inconsistent, however.

[49]) (files/8.reference.tex

Package Fancyhdr Warning: \headheight is too small (12.0pt): 
 Make it at least 14.49998pt.
 We now make it that large for the rest of the document.
 This may cause the page layout to be inconsistent, however.

[50]
Missing character: There is no  in font cmti12!
Missing character: There is no  in font cmti12!
Missing character: There is no  in font cmti12!
Missing character: There is no  in font cmr12!
Missing character: There is no  in font cmr12!
Missing character: There is no  in font cmr12!
Missing character: There is no  in font cmr12!
Missing character: There is no  in font cmr12!
Missing character: There is no  in font cmr12!
Missing character: There is no  in font cmr12!
Missing character: There is no  in font cmr12!
Missing character: There is no  in font cmr12!
Missing character: There is no  in font cmr12!
Missing character: There is no  in font cmr12!
Missing character: There is no  in font cmr12!
 [51

]
Missing character: There is no  in font cmr12!
Missing character: There is no  in font cmr12!
Missing character: There is no  in font cmr12!

Underfull \hbox (badness 10000) in paragraph at lines 37--39
$\OT1/pcr/m/n/12 support / documentation / user _ guides / ug585-[]Zynq-[]7000-
[]TRM . pdf$[]
 []


Underfull \hbox (badness 10000) in paragraph at lines 40--41
[][]$\OT1/pcr/m/n/12 http : / / www . nxp . com / assets / documents / data / e
n /$
 []


Underfull \hbox (badness 10000) in paragraph at lines 42--43
[][]$\OT1/pcr/m/n/12 http : / / zedboard . org / sites / default / files / docu
mentations /$
 []

Missing character: There is no  in font cmr12!
Missing character: There is no  in font cmr12!
Missing character: There is no  in font cmr12!
Missing character: There is no  in font cmr12!
Missing character: There is no  in font cmr12!
Missing character: There is no  in font cmr12!

Underfull \hbox (badness 10000) in paragraph at lines 62--63
[][]$\OT1/pcr/m/n/12 http : / / vectorblox . github . io / mxp / mxp _ quicksta
rt _ vivado .$
 []


Package Fancyhdr Warning: \headheight is too small (12.0pt): 
 Make it at least 14.49998pt.
 We now make it that large for the rest of the document.
 This may cause the page layout to be inconsistent, however.

[52]
Underfull \hbox (badness 10000) in paragraph at lines 78--80
[]\OT1/cmr/m/n/12 Hormozd Ben-jamin Gah-vari, \OT1/cmr/m/it/12 Bench-mark-ing S
parse Matrix-
 []


Underfull \hbox (badness 10000) in paragraph at lines 78--80
\OT1/cmr/m/it/12 Vector Mul-ti-ply. []$\OT1/pcr/m/n/12 https : / / pdfs . seman
ticscholar . org / 8abd /$
 []

)

Package Fancyhdr Warning: \headheight is too small (12.0pt): 
 Make it at least 14.49998pt.
 We now make it that large for the rest of the document.
 This may cause the page layout to be inconsistent, however.

[53]
Package atveryend Info: Empty hook `BeforeClearDocument' on input line 210.
Package atveryend Info: Empty hook `AfterLastShipout' on input line 210.
 (report.aux)
Package atveryend Info: Executing hook `AtVeryEndDocument' on input line 210.
Package atveryend Info: Executing hook `AtEndAfterFileList' on input line 210.
Package rerunfilecheck Info: File `report.out' has not changed.
(rerunfilecheck)             Checksum: EC3C735DB6A1FC1488B1F8CAF042E9C0;4187.


LaTeX Warning: There were multiply-defined labels.

Package atveryend Info: Empty hook `AtVeryVeryEnd' on input line 210.
 )
(\end occurred inside a group at level 1)

### simple group (level 1) entered at line 1061 ({)
### bottom level 
Here is how much of TeX's memory you used:
 36679 strings out of 493634
 864110 string characters out of 3134016
 1165758 words of memory out of 3000000
 38861 multiletter control sequences out of 15000+200000
 14542 words of font info for 52 fonts, out of 3000000 for 9000
 1025 hyphenation exceptions out of 8191
 72i,19n,103p,2159b,6023s stack positions out of 5000i,500n,10000p,200000b,50000s
{C:/Users/Abhishek/AppData/Local/Programs/MiKTeX 2.9/fonts/enc/
dvips/fontname/8r.enc} <C:\Users\Abhishek\AppData\Local\MiKTeX\2.9\fonts\pk\ljf
our\jknappen\ec\dpi600\tcrm1200.pk><C:/Users/Abhishek/AppData/Local/Programs/Mi
KTeX 2.9/fonts/type1/public/amsfonts/cm/cmbsy10.pfb><C:/Users/Abhishek/AppData/
Local/Programs/MiKTeX 2.9/fonts/type1/public/amsfonts/cm/cmbx10.pfb><C:/Users/A
bhishek/AppData/Local/Programs/MiKTeX 2.9/fonts/type1/public/amsfonts/cm/cmbx12
.pfb><C:/Users/Abhishek/AppData/Local/Programs/MiKTeX 2.9/fonts/type1/public/am
sfonts/cm/cmmi10.pfb><C:/Users/Abhishek/AppData/Local/Programs/MiKTeX 2.9/fonts
/type1/public/amsfonts/cm/cmmi12.pfb><C:/Users/Abhishek/AppData/Local/Programs/
MiKTeX 2.9/fonts/type1/public/amsfonts/cm/cmmi6.pfb><C:/Users/Abhishek/AppData/
Local/Programs/MiKTeX 2.9/fonts/type1/public/amsfonts/cm/cmr10.pfb><C:/Users/Ab
hishek/AppData/Local/Programs/MiKTeX 2.9/fonts/type1/public/amsfonts/cm/cmr12.p
fb><C:/Users/Abhishek/AppData/Local/Programs/MiKTeX 2.9/fonts/type1/public/amsf
onts/cm/cmr17.pfb><C:/Users/Abhishek/AppData/Local/Programs/MiKTeX 2.9/fonts/ty
pe1/public/amsfonts/cm/cmr5.pfb><C:/Users/Abhishek/AppData/Local/Programs/MiKTe
X 2.9/fonts/type1/public/amsfonts/cm/cmr6.pfb><C:/Users/Abhishek/AppData/Local/
Programs/MiKTeX 2.9/fonts/type1/public/amsfonts/cm/cmr8.pfb><C:/Users/Abhishek/
AppData/Local/Programs/MiKTeX 2.9/fonts/type1/public/amsfonts/cm/cmsy10.pfb><C:
/Users/Abhishek/AppData/Local/Programs/MiKTeX 2.9/fonts/type1/public/amsfonts/c
m/cmsy5.pfb><C:/Users/Abhishek/AppData/Local/Programs/MiKTeX 2.9/fonts/type1/pu
blic/amsfonts/cm/cmsy6.pfb><C:/Users/Abhishek/AppData/Local/Programs/MiKTeX 2.9
/fonts/type1/public/amsfonts/cm/cmti12.pfb><C:/Users/Abhishek/AppData/Local/Pro
grams/MiKTeX 2.9/fonts/type1/urw/courier/ucrr8a.pfb><C:/Users/Abhishek/AppData/
Local/Programs/MiKTeX 2.9/fonts/type1/urw/courier/ucrro8a.pfb>
Output written on report.pdf (62 pages, 2632006 bytes).
PDF statistics:
 1226 PDF objects out of 1440 (max. 8388607)
 363 named destinations out of 1000 (max. 500000)
 642 words of extra memory for PDF output out of 10000 (max. 10000000)

