\BOOKMARK [0][-]{chapter*.2}{List of Figures}{}% 1
\BOOKMARK [0][-]{chapter*.4}{List of Tables}{}% 2
\BOOKMARK [0][-]{chapter*.5}{Abbreviations}{}% 3
\BOOKMARK [0][-]{chapter.1}{Introduction}{}% 4
\BOOKMARK [1][-]{section.1.1}{Motivation}{chapter.1}% 5
\BOOKMARK [1][-]{section.1.2}{Contribution}{chapter.1}% 6
\BOOKMARK [1][-]{section.1.3}{Organization}{chapter.1}% 7
\BOOKMARK [0][-]{chapter.2}{Background}{}% 8
\BOOKMARK [1][-]{section.2.1}{High Performance Computing}{chapter.2}% 9
\BOOKMARK [1][-]{section.2.2}{FPGA Virtualization for High Performance Computing}{chapter.2}% 10
\BOOKMARK [1][-]{section.2.3}{Zynq-7000 SOC Board}{chapter.2}% 11
\BOOKMARK [1][-]{section.2.4}{OS Support for Programmable Fabric}{chapter.2}% 12
\BOOKMARK [0][-]{chapter.3}{MXP for High Performance Computing}{}% 13
\BOOKMARK [1][-]{section.3.1}{VectorBlox MXP Matrix Processor}{chapter.3}% 14
\BOOKMARK [2][-]{subsection.3.1.1}{Scratchpad}{section.3.1}% 15
\BOOKMARK [2][-]{subsection.3.1.2}{Other Processor State}{section.3.1}% 16
\BOOKMARK [2][-]{subsection.3.1.3}{Overlapping Communication with Computation}{section.3.1}% 17
\BOOKMARK [1][-]{section.3.2}{Overall Software Processing}{chapter.3}% 18
\BOOKMARK [2][-]{subsection.3.2.1}{What if we want to run any image and audio processing application?}{section.3.2}% 19
\BOOKMARK [0][-]{chapter.4}{OS Support for MXP}{}% 20
\BOOKMARK [1][-]{section.4.1}{Configuring the Linux For MXP on Xilinx ZedBoard}{chapter.4}% 21
\BOOKMARK [1][-]{section.4.2}{Building First Stage Bootloader}{chapter.4}% 22
\BOOKMARK [1][-]{section.4.3}{Building U-BOOT}{chapter.4}% 23
\BOOKMARK [1][-]{section.4.4}{Linux Kernel Build}{chapter.4}% 24
\BOOKMARK [1][-]{section.4.5}{Building Device Tree}{chapter.4}% 25
\BOOKMARK [1][-]{section.4.6}{Packing into BOOT.bin}{chapter.4}% 26
\BOOKMARK [1][-]{section.4.7}{Configuration Parameters of MXP}{chapter.4}% 27
\BOOKMARK [1][-]{section.4.8}{Code for Configuration in Detail}{chapter.4}% 28
\BOOKMARK [0][-]{chapter.5}{Performance Analysis of compute kernels}{}% 29
\BOOKMARK [1][-]{section.5.1}{Benchmarks Evaluation}{chapter.5}% 30
\BOOKMARK [1][-]{section.5.2}{Accelerating Compute Kernels}{chapter.5}% 31
\BOOKMARK [1][-]{section.5.3}{Experimentation and Results}{chapter.5}% 32
\BOOKMARK [2][-]{subsection.5.3.1}{Runtime Comparison}{section.5.3}% 33
\BOOKMARK [2][-]{subsection.5.3.2}{Benchmarks Performance Analysis}{section.5.3}% 34
\BOOKMARK [3][-]{subsubsection.5.3.2.1}{Throughput Analysis for poly benchmark}{subsection.5.3.2}% 35
\BOOKMARK [3][-]{subsubsection.5.3.2.2}{Throughput Analysis for filter compute kernel}{subsection.5.3.2}% 36
\BOOKMARK [3][-]{subsubsection.5.3.2.3}{Throughput Analysis for Standard kernels}{subsection.5.3.2}% 37
\BOOKMARK [3][-]{subsubsection.5.3.2.4}{Throughput Analysis for Linear Algebra Kernel}{subsection.5.3.2}% 38
\BOOKMARK [3][-]{subsubsection.5.3.2.5}{Speedup Analysis w.r.t ARM cortex A9}{subsection.5.3.2}% 39
\BOOKMARK [0][-]{chapter.6}{Accelerating Image Processing and SpMV Analysis}{}% 40
\BOOKMARK [1][-]{section.6.1}{Basic Image Processing Application}{chapter.6}% 41
\BOOKMARK [1][-]{section.6.2}{Experiments and Results}{chapter.6}% 42
\BOOKMARK [1][-]{section.6.3}{Accelerating the SpMV Computational Kernel}{chapter.6}% 43
\BOOKMARK [2][-]{subsection.6.3.1}{SpMV basics}{section.6.3}% 44
\BOOKMARK [3][-]{subsubsection.6.3.1.1}{Compressed Sparse Row Format}{subsection.6.3.1}% 45
\BOOKMARK [3][-]{subsubsection.6.3.1.2}{Compressed Sparse Column Format}{subsection.6.3.1}% 46
\BOOKMARK [2][-]{subsection.6.3.2}{Details of Pre-existing SpMV Benchmark}{section.6.3}% 47
\BOOKMARK [2][-]{subsection.6.3.3}{SpMV Usage Parameters}{section.6.3}% 48
\BOOKMARK [2][-]{subsection.6.3.4}{Accelerating SpMV Framework Using MXP APIs}{section.6.3}% 49
\BOOKMARK [1][-]{section.6.4}{SpMV Kernel Code}{chapter.6}% 50
\BOOKMARK [0][-]{chapter.7}{Conclusion and Future Work}{}% 51
\BOOKMARK [1][-]{section.7.1}{Conclusions}{chapter.7}% 52
\BOOKMARK [1][-]{section.7.2}{Future Work}{chapter.7}% 53
\BOOKMARK [2][-]{subsection.7.2.1}{Power Analysis}{section.7.2}% 54
\BOOKMARK [2][-]{subsection.7.2.2}{Audio Processing Application}{section.7.2}% 55
\BOOKMARK [2][-]{subsection.7.2.3}{Completion of the SpMV Benchmarking Framework}{section.7.2}% 56
\BOOKMARK [0][-]{chapter*.51}{Bibliography}{}% 57
